Performing C SOURCE FILE Test CMAKE_HAVE_LIBC_PTHREAD failed with the following output:
Change Dir: /home/samuel.soutullo/GitHub/AccurateRI/cmake-build-debug/CMakeFiles/CMakeTmp

Run Build Command(s):/home/samuel.soutullo/.miniconda3/envs/accurate_ri_env/bin/ninja cmTC_7a5a3 && [1/2] Building C object CMakeFiles/cmTC_7a5a3.dir/src.c.o
[2/2] Linking C executable cmTC_7a5a3
FAILED: cmTC_7a5a3 
: && /home/samuel.soutullo/.miniconda3/envs/accurate_ri_env/bin/x86_64-conda-linux-gnu-cc   CMakeFiles/cmTC_7a5a3.dir/src.c.o -o cmTC_7a5a3   && :
/home/samuel.soutullo/.miniconda3/envs/accurate_ri_env/bin/../lib/gcc/x86_64-conda-linux-gnu/14.2.0/../../../../x86_64-conda-linux-gnu/bin/ld: CMakeFiles/cmTC_7a5a3.dir/src.c.o: in function `main':
src.c:(.text+0x2f): undefined reference to `pthread_create'
/home/samuel.soutullo/.miniconda3/envs/accurate_ri_env/bin/../lib/gcc/x86_64-conda-linux-gnu/14.2.0/../../../../x86_64-conda-linux-gnu/bin/ld: src.c:(.text+0x3b): undefined reference to `pthread_detach'
/home/samuel.soutullo/.miniconda3/envs/accurate_ri_env/bin/../lib/gcc/x86_64-conda-linux-gnu/14.2.0/../../../../x86_64-conda-linux-gnu/bin/ld: src.c:(.text+0x47): undefined reference to `pthread_cancel'
/home/samuel.soutullo/.miniconda3/envs/accurate_ri_env/bin/../lib/gcc/x86_64-conda-linux-gnu/14.2.0/../../../../x86_64-conda-linux-gnu/bin/ld: src.c:(.text+0x58): undefined reference to `pthread_join'
/home/samuel.soutullo/.miniconda3/envs/accurate_ri_env/bin/../lib/gcc/x86_64-conda-linux-gnu/14.2.0/../../../../x86_64-conda-linux-gnu/bin/ld: src.c:(.text+0x6c): undefined reference to `pthread_atfork'
collect2: error: ld returned 1 exit status
ninja: build stopped: subcommand failed.


Source file was:
#include <pthread.h>

static void* test_func(void* data)
{
  return data;
}

int main(void)
{
  pthread_t thread;
  pthread_create(&thread, NULL, test_func, NULL);
  pthread_detach(thread);
  pthread_cancel(thread);
  pthread_join(thread, NULL);
  pthread_atfork(NULL, NULL, NULL);
  pthread_exit(NULL);

  return 0;
}

Determining if the function pthread_create exists in the pthreads failed with the following output:
Change Dir: /home/samuel.soutullo/GitHub/AccurateRI/cmake-build-debug/CMakeFiles/CMakeTmp

Run Build Command(s):/home/samuel.soutullo/.miniconda3/envs/accurate_ri_env/bin/ninja cmTC_c7704 && [1/2] Building C object CMakeFiles/cmTC_c7704.dir/CheckFunctionExists.c.o
[2/2] Linking C executable cmTC_c7704
FAILED: cmTC_c7704 
: && /home/samuel.soutullo/.miniconda3/envs/accurate_ri_env/bin/x86_64-conda-linux-gnu-cc -DCHECK_FUNCTION_EXISTS=pthread_create  CMakeFiles/cmTC_c7704.dir/CheckFunctionExists.c.o -o cmTC_c7704  -lpthreads && :
/home/samuel.soutullo/.miniconda3/envs/accurate_ri_env/bin/../lib/gcc/x86_64-conda-linux-gnu/14.2.0/../../../../x86_64-conda-linux-gnu/bin/ld: cannot find -lpthreads: No such file or directory
collect2: error: ld returned 1 exit status
ninja: build stopped: subcommand failed.



