The system is: Linux - 6.8.0-52-generic - x86_64
Compiling the C compiler identification source file "CMakeCCompilerId.c" succeeded.
Compiler: /home/samuel.soutullo/.miniconda3/envs/accurate_ri_env/bin/x86_64-conda-linux-gnu-cc 
Build flags: 
Id flags:  

The output was:
0


Compilation of the C compiler identification source "CMakeCCompilerId.c" produced "a.out"

The C compiler identification is GNU, found in "/home/samuel.soutullo/GitHub/AccurateRI/cmake-build-debug/CMakeFiles/3.22.3/CompilerIdC/a.out"

Compiling the CXX compiler identification source file "CMakeCXXCompilerId.cpp" succeeded.
Compiler: /home/samuel.soutullo/.miniconda3/envs/accurate_ri_env/bin/x86_64-conda-linux-gnu-c++ 
Build flags: 
Id flags:  

The output was:
0


Compilation of the CXX compiler identification source "CMakeCXXCompilerId.cpp" produced "a.out"

The CXX compiler identification is GNU, found in "/home/samuel.soutullo/GitHub/AccurateRI/cmake-build-debug/CMakeFiles/3.22.3/CompilerIdCXX/a.out"

Detecting C compiler ABI info compiled with the following output:
Change Dir: /home/samuel.soutullo/GitHub/AccurateRI/cmake-build-debug/CMakeFiles/CMakeTmp

Run Build Command(s):/home/samuel.soutullo/.miniconda3/envs/accurate_ri_env/bin/ninja cmTC_9b4e0 && [1/2] Building C object CMakeFiles/cmTC_9b4e0.dir/CMakeCCompilerABI.c.o
Reading specs from /home/samuel.soutullo/.miniconda3/envs/accurate_ri_env/bin/../lib/gcc/x86_64-conda-linux-gnu/14.2.0/specs
could not find specs file conda.specs
COLLECT_GCC=/home/samuel.soutullo/.miniconda3/envs/accurate_ri_env/bin/x86_64-conda-linux-gnu-cc
Target: x86_64-conda-linux-gnu
Configured with: ../configure --prefix=/home/conda/feedstock_root/build_artifacts/gcc_compilers_1729025086244/_h_env_placehold_placehold_placehold_placehold_placehold_placehold_placehold_placehold_placehold_placehold_placehold_placehold_placehold_placehold_placehold_placehold_placehold_placeho --with-slibdir=/home/conda/feedstock_root/build_artifacts/gcc_compilers_1729025086244/_h_env_placehold_placehold_placehold_placehold_placehold_placehold_placehold_placehold_placehold_placehold_placehold_placehold_placehold_placehold_placehold_placehold_placehold_placeho/lib --libdir=/home/conda/feedstock_root/build_artifacts/gcc_compilers_1729025086244/_h_env_placehold_placehold_placehold_placehold_placehold_placehold_placehold_placehold_placehold_placehold_placehold_placehold_placehold_placehold_placehold_placehold_placehold_placeho/lib --mandir=/home/conda/feedstock_root/build_artifacts/gcc_compilers_1729025086244/_h_env_placehold_placehold_placehold_placehold_placehold_placehold_placehold_placehold_placehold_placehold_placehold_placehold_placehold_placehold_placehold_placehold_placehold_placeho/man --build=x86_64-conda-linux-gnu --host=x86_64-conda-linux-gnu --target=x86_64-conda-linux-gnu --enable-languages=c,c++,fortran,objc,obj-c++ --enable-__cxa_atexit --disable-libmudflap --enable-libgomp --disable-libssp --enable-libquadmath --enable-libquadmath-support --enable-lto --enable-target-optspace --enable-plugin --enable-gold --disable-nls --disable-bootstrap --disable-multilib --enable-long-long --with-sysroot=/home/conda/feedstock_root/build_artifacts/gcc_compilers_1729025086244/_h_env_placehold_placehold_placehold_placehold_placehold_placehold_placehold_placehold_placehold_placehold_placehold_placehold_placehold_placehold_placehold_placehold_placehold_placeho/x86_64-conda-linux-gnu/sysroot --with-build-sysroot=/home/conda/feedstock_root/build_artifacts/gcc_compilers_1729025086244/work/cf-compilers/x86_64-conda-linux-gnu/sysroot --with-native-system-header-dir=/usr/include --with-gxx-include-dir=/home/conda/feedstock_root/build_artifacts/gcc_compilers_1729025086244/_h_env_placehold_placehold_placehold_placehold_placehold_placehold_placehold_placehold_placehold_placehold_placehold_placehold_placehold_placehold_placehold_placehold_placehold_placeho/lib/gcc/x86_64-conda-linux-gnu/14.2.0/include/c++ --with-pkgversion='conda-forge gcc 14.2.0-1' --with-bugurl=https://github.com/conda-forge/ctng-compilers-feedstock/issues/new/choose --enable-libsanitizer --enable-default-pie --enable-threads=posix
Thread model: posix
Supported LTO compression algorithms: zlib
gcc version 14.2.0 (conda-forge gcc 14.2.0-1) 
COLLECT_GCC_OPTIONS='-v' '-o' 'CMakeFiles/cmTC_9b4e0.dir/CMakeCCompilerABI.c.o' '-c' '-mtune=generic' '-march=x86-64' '-dumpdir' 'CMakeFiles/cmTC_9b4e0.dir/'
 /home/samuel.soutullo/.miniconda3/envs/accurate_ri_env/bin/../libexec/gcc/x86_64-conda-linux-gnu/14.2.0/cc1 -quiet -v -iprefix /home/samuel.soutullo/.miniconda3/envs/accurate_ri_env/bin/../lib/gcc/x86_64-conda-linux-gnu/14.2.0/ -isysroot /home/samuel.soutullo/.miniconda3/envs/accurate_ri_env/bin/../x86_64-conda-linux-gnu/sysroot /home/samuel.soutullo/.miniconda3/envs/accurate_ri_env/share/cmake-3.22/Modules/CMakeCCompilerABI.c -quiet -dumpdir CMakeFiles/cmTC_9b4e0.dir/ -dumpbase CMakeCCompilerABI.c.c -dumpbase-ext .c -mtune=generic -march=x86-64 -version -o /tmp/ccT7fcS4.s
GNU C17 (conda-forge gcc 14.2.0-1) version 14.2.0 (x86_64-conda-linux-gnu)
	compiled by GNU C version 14.1.0, GMP version 6.2.1, MPFR version 4.1.0, MPC version 1.2.1, isl version isl-0.24-GMP

GGC heuristics: --param ggc-min-expand=100 --param ggc-min-heapsize=131072
ignoring nonexistent directory "/home/samuel.soutullo/.miniconda3/envs/accurate_ri_env/bin/../lib/gcc/x86_64-conda-linux-gnu/14.2.0/../../../../x86_64-conda-linux-gnu/include"
ignoring duplicate directory "/home/samuel.soutullo/.miniconda3/envs/accurate_ri_env/bin/../lib/gcc/../../lib/gcc/x86_64-conda-linux-gnu/14.2.0/include"
ignoring nonexistent directory "/home/samuel.soutullo/.miniconda3/envs/accurate_ri_env/bin/../x86_64-conda-linux-gnu/sysroot/usr/local/include"
ignoring duplicate directory "/home/samuel.soutullo/.miniconda3/envs/accurate_ri_env/bin/../lib/gcc/../../lib/gcc/x86_64-conda-linux-gnu/14.2.0/include-fixed"
ignoring nonexistent directory "/home/samuel.soutullo/.miniconda3/envs/accurate_ri_env/bin/../lib/gcc/../../lib/gcc/x86_64-conda-linux-gnu/14.2.0/../../../../x86_64-conda-linux-gnu/include"
#include "..." search starts here:
#include <...> search starts here:
 /home/samuel.soutullo/.miniconda3/envs/accurate_ri_env/bin/../lib/gcc/x86_64-conda-linux-gnu/14.2.0/include
 /home/samuel.soutullo/.miniconda3/envs/accurate_ri_env/bin/../lib/gcc/x86_64-conda-linux-gnu/14.2.0/include-fixed
 /home/samuel.soutullo/.miniconda3/envs/accurate_ri_env/bin/../x86_64-conda-linux-gnu/sysroot/usr/include
End of search list.
Compiler executable checksum: 686326f2cb97d601f6ff527209c76ded
COLLECT_GCC_OPTIONS='-v' '-o' 'CMakeFiles/cmTC_9b4e0.dir/CMakeCCompilerABI.c.o' '-c' '-mtune=generic' '-march=x86-64' '-dumpdir' 'CMakeFiles/cmTC_9b4e0.dir/'
 /home/samuel.soutullo/.miniconda3/envs/accurate_ri_env/bin/../lib/gcc/x86_64-conda-linux-gnu/14.2.0/../../../../x86_64-conda-linux-gnu/bin/as -v --64 -o CMakeFiles/cmTC_9b4e0.dir/CMakeCCompilerABI.c.o /tmp/ccT7fcS4.s
GNU assembler version 2.43 (x86_64-conda-linux-gnu) using BFD version (GNU Binutils) 2.43
COMPILER_PATH=/home/samuel.soutullo/.miniconda3/envs/accurate_ri_env/bin/../libexec/gcc/x86_64-conda-linux-gnu/14.2.0/:/home/samuel.soutullo/.miniconda3/envs/accurate_ri_env/bin/../libexec/gcc/:/home/samuel.soutullo/.miniconda3/envs/accurate_ri_env/bin/../lib/gcc/x86_64-conda-linux-gnu/14.2.0/../../../../x86_64-conda-linux-gnu/bin/
LIBRARY_PATH=/home/samuel.soutullo/.miniconda3/envs/accurate_ri_env/bin/../lib/gcc/x86_64-conda-linux-gnu/14.2.0/:/home/samuel.soutullo/.miniconda3/envs/accurate_ri_env/bin/../lib/gcc/:/home/samuel.soutullo/.miniconda3/envs/accurate_ri_env/bin/../lib/gcc/x86_64-conda-linux-gnu/14.2.0/../../../../x86_64-conda-linux-gnu/lib/../lib/:/home/samuel.soutullo/.miniconda3/envs/accurate_ri_env/bin/../lib/gcc/x86_64-conda-linux-gnu/14.2.0/../../../../lib/:/home/samuel.soutullo/.miniconda3/envs/accurate_ri_env/bin/../x86_64-conda-linux-gnu/sysroot/lib/../lib/:/home/samuel.soutullo/.miniconda3/envs/accurate_ri_env/bin/../x86_64-conda-linux-gnu/sysroot/usr/lib/../lib/:/home/samuel.soutullo/.miniconda3/envs/accurate_ri_env/bin/../lib/gcc/x86_64-conda-linux-gnu/14.2.0/../../../../x86_64-conda-linux-gnu/lib/:/home/samuel.soutullo/.miniconda3/envs/accurate_ri_env/bin/../lib/gcc/x86_64-conda-linux-gnu/14.2.0/../../../:/home/samuel.soutullo/.miniconda3/envs/accurate_ri_env/bin/../x86_64-conda-linux-gnu/sysroot/lib/:/home/samuel.soutullo/.miniconda3/envs/accurate_ri_env/bin/../x86_64-conda-linux-gnu/sysroot/usr/lib/
COLLECT_GCC_OPTIONS='-v' '-o' 'CMakeFiles/cmTC_9b4e0.dir/CMakeCCompilerABI.c.o' '-c' '-mtune=generic' '-march=x86-64' '-dumpdir' 'CMakeFiles/cmTC_9b4e0.dir/CMakeCCompilerABI.c.'
[2/2] Linking C executable cmTC_9b4e0
Reading specs from /home/samuel.soutullo/.miniconda3/envs/accurate_ri_env/bin/../lib/gcc/x86_64-conda-linux-gnu/14.2.0/specs
could not find specs file conda.specs
COLLECT_GCC=/home/samuel.soutullo/.miniconda3/envs/accurate_ri_env/bin/x86_64-conda-linux-gnu-cc
COLLECT_LTO_WRAPPER=/home/samuel.soutullo/.miniconda3/envs/accurate_ri_env/bin/../libexec/gcc/x86_64-conda-linux-gnu/14.2.0/lto-wrapper
Target: x86_64-conda-linux-gnu
Configured with: ../configure --prefix=/home/conda/feedstock_root/build_artifacts/gcc_compilers_1729025086244/_h_env_placehold_placehold_placehold_placehold_placehold_placehold_placehold_placehold_placehold_placehold_placehold_placehold_placehold_placehold_placehold_placehold_placehold_placeho --with-slibdir=/home/conda/feedstock_root/build_artifacts/gcc_compilers_1729025086244/_h_env_placehold_placehold_placehold_placehold_placehold_placehold_placehold_placehold_placehold_placehold_placehold_placehold_placehold_placehold_placehold_placehold_placehold_placeho/lib --libdir=/home/conda/feedstock_root/build_artifacts/gcc_compilers_1729025086244/_h_env_placehold_placehold_placehold_placehold_placehold_placehold_placehold_placehold_placehold_placehold_placehold_placehold_placehold_placehold_placehold_placehold_placehold_placeho/lib --mandir=/home/conda/feedstock_root/build_artifacts/gcc_compilers_1729025086244/_h_env_placehold_placehold_placehold_placehold_placehold_placehold_placehold_placehold_placehold_placehold_placehold_placehold_placehold_placehold_placehold_placehold_placehold_placeho/man --build=x86_64-conda-linux-gnu --host=x86_64-conda-linux-gnu --target=x86_64-conda-linux-gnu --enable-languages=c,c++,fortran,objc,obj-c++ --enable-__cxa_atexit --disable-libmudflap --enable-libgomp --disable-libssp --enable-libquadmath --enable-libquadmath-support --enable-lto --enable-target-optspace --enable-plugin --enable-gold --disable-nls --disable-bootstrap --disable-multilib --enable-long-long --with-sysroot=/home/conda/feedstock_root/build_artifacts/gcc_compilers_1729025086244/_h_env_placehold_placehold_placehold_placehold_placehold_placehold_placehold_placehold_placehold_placehold_placehold_placehold_placehold_placehold_placehold_placehold_placehold_placeho/x86_64-conda-linux-gnu/sysroot --with-build-sysroot=/home/conda/feedstock_root/build_artifacts/gcc_compilers_1729025086244/work/cf-compilers/x86_64-conda-linux-gnu/sysroot --with-native-system-header-dir=/usr/include --with-gxx-include-dir=/home/conda/feedstock_root/build_artifacts/gcc_compilers_1729025086244/_h_env_placehold_placehold_placehold_placehold_placehold_placehold_placehold_placehold_placehold_placehold_placehold_placehold_placehold_placehold_placehold_placehold_placehold_placeho/lib/gcc/x86_64-conda-linux-gnu/14.2.0/include/c++ --with-pkgversion='conda-forge gcc 14.2.0-1' --with-bugurl=https://github.com/conda-forge/ctng-compilers-feedstock/issues/new/choose --enable-libsanitizer --enable-default-pie --enable-threads=posix
Thread model: posix
Supported LTO compression algorithms: zlib
gcc version 14.2.0 (conda-forge gcc 14.2.0-1) 
COMPILER_PATH=/home/samuel.soutullo/.miniconda3/envs/accurate_ri_env/bin/../libexec/gcc/x86_64-conda-linux-gnu/14.2.0/:/home/samuel.soutullo/.miniconda3/envs/accurate_ri_env/bin/../libexec/gcc/:/home/samuel.soutullo/.miniconda3/envs/accurate_ri_env/bin/../lib/gcc/x86_64-conda-linux-gnu/14.2.0/../../../../x86_64-conda-linux-gnu/bin/
LIBRARY_PATH=/home/samuel.soutullo/.miniconda3/envs/accurate_ri_env/bin/../lib/gcc/x86_64-conda-linux-gnu/14.2.0/:/home/samuel.soutullo/.miniconda3/envs/accurate_ri_env/bin/../lib/gcc/:/home/samuel.soutullo/.miniconda3/envs/accurate_ri_env/bin/../lib/gcc/x86_64-conda-linux-gnu/14.2.0/../../../../x86_64-conda-linux-gnu/lib/../lib/:/home/samuel.soutullo/.miniconda3/envs/accurate_ri_env/bin/../lib/gcc/x86_64-conda-linux-gnu/14.2.0/../../../../lib/:/home/samuel.soutullo/.miniconda3/envs/accurate_ri_env/bin/../x86_64-conda-linux-gnu/sysroot/lib/../lib/:/home/samuel.soutullo/.miniconda3/envs/accurate_ri_env/bin/../x86_64-conda-linux-gnu/sysroot/usr/lib/../lib/:/home/samuel.soutullo/.miniconda3/envs/accurate_ri_env/bin/../lib/gcc/x86_64-conda-linux-gnu/14.2.0/../../../../x86_64-conda-linux-gnu/lib/:/home/samuel.soutullo/.miniconda3/envs/accurate_ri_env/bin/../lib/gcc/x86_64-conda-linux-gnu/14.2.0/../../../:/home/samuel.soutullo/.miniconda3/envs/accurate_ri_env/bin/../x86_64-conda-linux-gnu/sysroot/lib/:/home/samuel.soutullo/.miniconda3/envs/accurate_ri_env/bin/../x86_64-conda-linux-gnu/sysroot/usr/lib/
COLLECT_GCC_OPTIONS='-v' '-o' 'cmTC_9b4e0' '-mtune=generic' '-march=x86-64' '-dumpdir' 'cmTC_9b4e0.'
 /home/samuel.soutullo/.miniconda3/envs/accurate_ri_env/bin/../libexec/gcc/x86_64-conda-linux-gnu/14.2.0/collect2 -plugin /home/samuel.soutullo/.miniconda3/envs/accurate_ri_env/bin/../libexec/gcc/x86_64-conda-linux-gnu/14.2.0/liblto_plugin.so -plugin-opt=/home/samuel.soutullo/.miniconda3/envs/accurate_ri_env/bin/../libexec/gcc/x86_64-conda-linux-gnu/14.2.0/lto-wrapper -plugin-opt=-fresolution=/tmp/ccMGGMQ9.res -plugin-opt=-pass-through=-lgcc -plugin-opt=-pass-through=-lgcc_s -plugin-opt=-pass-through=-lc -plugin-opt=-pass-through=-lgcc -plugin-opt=-pass-through=-lgcc_s --sysroot=/home/samuel.soutullo/.miniconda3/envs/accurate_ri_env/bin/../x86_64-conda-linux-gnu/sysroot --eh-frame-hdr -m elf_x86_64 -dynamic-linker /lib64/ld-linux-x86-64.so.2 -pie -o cmTC_9b4e0 /home/samuel.soutullo/.miniconda3/envs/accurate_ri_env/bin/../x86_64-conda-linux-gnu/sysroot/usr/lib/../lib/Scrt1.o /home/samuel.soutullo/.miniconda3/envs/accurate_ri_env/bin/../x86_64-conda-linux-gnu/sysroot/usr/lib/../lib/crti.o /home/samuel.soutullo/.miniconda3/envs/accurate_ri_env/bin/../lib/gcc/x86_64-conda-linux-gnu/14.2.0/crtbeginS.o -L/home/samuel.soutullo/.miniconda3/envs/accurate_ri_env/bin/../lib/gcc/x86_64-conda-linux-gnu/14.2.0 -L/home/samuel.soutullo/.miniconda3/envs/accurate_ri_env/bin/../lib/gcc -L/home/samuel.soutullo/.miniconda3/envs/accurate_ri_env/bin/../lib/gcc/x86_64-conda-linux-gnu/14.2.0/../../../../x86_64-conda-linux-gnu/lib/../lib -L/home/samuel.soutullo/.miniconda3/envs/accurate_ri_env/bin/../lib/gcc/x86_64-conda-linux-gnu/14.2.0/../../../../lib -L/home/samuel.soutullo/.miniconda3/envs/accurate_ri_env/bin/../x86_64-conda-linux-gnu/sysroot/lib/../lib -L/home/samuel.soutullo/.miniconda3/envs/accurate_ri_env/bin/../x86_64-conda-linux-gnu/sysroot/usr/lib/../lib -L/home/samuel.soutullo/.miniconda3/envs/accurate_ri_env/bin/../lib/gcc/x86_64-conda-linux-gnu/14.2.0/../../../../x86_64-conda-linux-gnu/lib -L/home/samuel.soutullo/.miniconda3/envs/accurate_ri_env/bin/../lib/gcc/x86_64-conda-linux-gnu/14.2.0/../../.. -L/home/samuel.soutullo/.miniconda3/envs/accurate_ri_env/bin/../x86_64-conda-linux-gnu/sysroot/lib -L/home/samuel.soutullo/.miniconda3/envs/accurate_ri_env/bin/../x86_64-conda-linux-gnu/sysroot/usr/lib CMakeFiles/cmTC_9b4e0.dir/CMakeCCompilerABI.c.o -lgcc --push-state --as-needed -lgcc_s --pop-state -lc -lgcc --push-state --as-needed -lgcc_s --pop-state /home/samuel.soutullo/.miniconda3/envs/accurate_ri_env/bin/../lib/gcc/x86_64-conda-linux-gnu/14.2.0/crtendS.o /home/samuel.soutullo/.miniconda3/envs/accurate_ri_env/bin/../x86_64-conda-linux-gnu/sysroot/usr/lib/../lib/crtn.o -rpath /home/samuel.soutullo/.miniconda3/envs/accurate_ri_env/lib
COLLECT_GCC_OPTIONS='-v' '-o' 'cmTC_9b4e0' '-mtune=generic' '-march=x86-64' '-dumpdir' 'cmTC_9b4e0.'



Parsed C implicit include dir info from above output: rv=done
  found start of include info
  found start of implicit include info
    add: [/home/samuel.soutullo/.miniconda3/envs/accurate_ri_env/bin/../lib/gcc/x86_64-conda-linux-gnu/14.2.0/include]
    add: [/home/samuel.soutullo/.miniconda3/envs/accurate_ri_env/bin/../lib/gcc/x86_64-conda-linux-gnu/14.2.0/include-fixed]
    add: [/home/samuel.soutullo/.miniconda3/envs/accurate_ri_env/bin/../x86_64-conda-linux-gnu/sysroot/usr/include]
  end of search list found
  collapse include dir [/home/samuel.soutullo/.miniconda3/envs/accurate_ri_env/bin/../lib/gcc/x86_64-conda-linux-gnu/14.2.0/include] ==> [/home/samuel.soutullo/.miniconda3/envs/accurate_ri_env/lib/gcc/x86_64-conda-linux-gnu/14.2.0/include]
  collapse include dir [/home/samuel.soutullo/.miniconda3/envs/accurate_ri_env/bin/../lib/gcc/x86_64-conda-linux-gnu/14.2.0/include-fixed] ==> [/home/samuel.soutullo/.miniconda3/envs/accurate_ri_env/lib/gcc/x86_64-conda-linux-gnu/14.2.0/include-fixed]
  collapse include dir [/home/samuel.soutullo/.miniconda3/envs/accurate_ri_env/bin/../x86_64-conda-linux-gnu/sysroot/usr/include] ==> [/home/samuel.soutullo/.miniconda3/envs/accurate_ri_env/x86_64-conda-linux-gnu/sysroot/usr/include]
  implicit include dirs: [/home/samuel.soutullo/.miniconda3/envs/accurate_ri_env/lib/gcc/x86_64-conda-linux-gnu/14.2.0/include;/home/samuel.soutullo/.miniconda3/envs/accurate_ri_env/lib/gcc/x86_64-conda-linux-gnu/14.2.0/include-fixed;/home/samuel.soutullo/.miniconda3/envs/accurate_ri_env/x86_64-conda-linux-gnu/sysroot/usr/include]


Parsed C implicit link information from above output:
  link line regex: [^( *|.*[/\])(x86_64-conda-linux-gnu-ld|CMAKE_LINK_STARTFILE-NOTFOUND|([^/\]+-)?ld|collect2)[^/\]*( |$)]
  ignore line: [Change Dir: /home/samuel.soutullo/GitHub/AccurateRI/cmake-build-debug/CMakeFiles/CMakeTmp]
  ignore line: []
  ignore line: [Run Build Command(s):/home/samuel.soutullo/.miniconda3/envs/accurate_ri_env/bin/ninja cmTC_9b4e0 && [1/2] Building C object CMakeFiles/cmTC_9b4e0.dir/CMakeCCompilerABI.c.o]
  ignore line: [Reading specs from /home/samuel.soutullo/.miniconda3/envs/accurate_ri_env/bin/../lib/gcc/x86_64-conda-linux-gnu/14.2.0/specs]
  ignore line: [could not find specs file conda.specs]
  ignore line: [COLLECT_GCC=/home/samuel.soutullo/.miniconda3/envs/accurate_ri_env/bin/x86_64-conda-linux-gnu-cc]
  ignore line: [Target: x86_64-conda-linux-gnu]
  ignore line: [Configured with: ../configure --prefix=/home/conda/feedstock_root/build_artifacts/gcc_compilers_1729025086244/_h_env_placehold_placehold_placehold_placehold_placehold_placehold_placehold_placehold_placehold_placehold_placehold_placehold_placehold_placehold_placehold_placehold_placehold_placeho --with-slibdir=/home/conda/feedstock_root/build_artifacts/gcc_compilers_1729025086244/_h_env_placehold_placehold_placehold_placehold_placehold_placehold_placehold_placehold_placehold_placehold_placehold_placehold_placehold_placehold_placehold_placehold_placehold_placeho/lib --libdir=/home/conda/feedstock_root/build_artifacts/gcc_compilers_1729025086244/_h_env_placehold_placehold_placehold_placehold_placehold_placehold_placehold_placehold_placehold_placehold_placehold_placehold_placehold_placehold_placehold_placehold_placehold_placeho/lib --mandir=/home/conda/feedstock_root/build_artifacts/gcc_compilers_1729025086244/_h_env_placehold_placehold_placehold_placehold_placehold_placehold_placehold_placehold_placehold_placehold_placehold_placehold_placehold_placehold_placehold_placehold_placehold_placeho/man --build=x86_64-conda-linux-gnu --host=x86_64-conda-linux-gnu --target=x86_64-conda-linux-gnu --enable-languages=c c++ fortran objc obj-c++ --enable-__cxa_atexit --disable-libmudflap --enable-libgomp --disable-libssp --enable-libquadmath --enable-libquadmath-support --enable-lto --enable-target-optspace --enable-plugin --enable-gold --disable-nls --disable-bootstrap --disable-multilib --enable-long-long --with-sysroot=/home/conda/feedstock_root/build_artifacts/gcc_compilers_1729025086244/_h_env_placehold_placehold_placehold_placehold_placehold_placehold_placehold_placehold_placehold_placehold_placehold_placehold_placehold_placehold_placehold_placehold_placehold_placeho/x86_64-conda-linux-gnu/sysroot --with-build-sysroot=/home/conda/feedstock_root/build_artifacts/gcc_compilers_1729025086244/work/cf-compilers/x86_64-conda-linux-gnu/sysroot --with-native-system-header-dir=/usr/include --with-gxx-include-dir=/home/conda/feedstock_root/build_artifacts/gcc_compilers_1729025086244/_h_env_placehold_placehold_placehold_placehold_placehold_placehold_placehold_placehold_placehold_placehold_placehold_placehold_placehold_placehold_placehold_placehold_placehold_placeho/lib/gcc/x86_64-conda-linux-gnu/14.2.0/include/c++ --with-pkgversion='conda-forge gcc 14.2.0-1' --with-bugurl=https://github.com/conda-forge/ctng-compilers-feedstock/issues/new/choose --enable-libsanitizer --enable-default-pie --enable-threads=posix]
  ignore line: [Thread model: posix]
  ignore line: [Supported LTO compression algorithms: zlib]
  ignore line: [gcc version 14.2.0 (conda-forge gcc 14.2.0-1) ]
  ignore line: [COLLECT_GCC_OPTIONS='-v' '-o' 'CMakeFiles/cmTC_9b4e0.dir/CMakeCCompilerABI.c.o' '-c' '-mtune=generic' '-march=x86-64' '-dumpdir' 'CMakeFiles/cmTC_9b4e0.dir/']
  ignore line: [ /home/samuel.soutullo/.miniconda3/envs/accurate_ri_env/bin/../libexec/gcc/x86_64-conda-linux-gnu/14.2.0/cc1 -quiet -v -iprefix /home/samuel.soutullo/.miniconda3/envs/accurate_ri_env/bin/../lib/gcc/x86_64-conda-linux-gnu/14.2.0/ -isysroot /home/samuel.soutullo/.miniconda3/envs/accurate_ri_env/bin/../x86_64-conda-linux-gnu/sysroot /home/samuel.soutullo/.miniconda3/envs/accurate_ri_env/share/cmake-3.22/Modules/CMakeCCompilerABI.c -quiet -dumpdir CMakeFiles/cmTC_9b4e0.dir/ -dumpbase CMakeCCompilerABI.c.c -dumpbase-ext .c -mtune=generic -march=x86-64 -version -o /tmp/ccT7fcS4.s]
  ignore line: [GNU C17 (conda-forge gcc 14.2.0-1) version 14.2.0 (x86_64-conda-linux-gnu)]
  ignore line: [	compiled by GNU C version 14.1.0  GMP version 6.2.1  MPFR version 4.1.0  MPC version 1.2.1  isl version isl-0.24-GMP]
  ignore line: []
  ignore line: [GGC heuristics: --param ggc-min-expand=100 --param ggc-min-heapsize=131072]
  ignore line: [ignoring nonexistent directory "/home/samuel.soutullo/.miniconda3/envs/accurate_ri_env/bin/../lib/gcc/x86_64-conda-linux-gnu/14.2.0/../../../../x86_64-conda-linux-gnu/include"]
  ignore line: [ignoring duplicate directory "/home/samuel.soutullo/.miniconda3/envs/accurate_ri_env/bin/../lib/gcc/../../lib/gcc/x86_64-conda-linux-gnu/14.2.0/include"]
  ignore line: [ignoring nonexistent directory "/home/samuel.soutullo/.miniconda3/envs/accurate_ri_env/bin/../x86_64-conda-linux-gnu/sysroot/usr/local/include"]
  ignore line: [ignoring duplicate directory "/home/samuel.soutullo/.miniconda3/envs/accurate_ri_env/bin/../lib/gcc/../../lib/gcc/x86_64-conda-linux-gnu/14.2.0/include-fixed"]
  ignore line: [ignoring nonexistent directory "/home/samuel.soutullo/.miniconda3/envs/accurate_ri_env/bin/../lib/gcc/../../lib/gcc/x86_64-conda-linux-gnu/14.2.0/../../../../x86_64-conda-linux-gnu/include"]
  ignore line: [#include "..." search starts here:]
  ignore line: [#include <...> search starts here:]
  ignore line: [ /home/samuel.soutullo/.miniconda3/envs/accurate_ri_env/bin/../lib/gcc/x86_64-conda-linux-gnu/14.2.0/include]
  ignore line: [ /home/samuel.soutullo/.miniconda3/envs/accurate_ri_env/bin/../lib/gcc/x86_64-conda-linux-gnu/14.2.0/include-fixed]
  ignore line: [ /home/samuel.soutullo/.miniconda3/envs/accurate_ri_env/bin/../x86_64-conda-linux-gnu/sysroot/usr/include]
  ignore line: [End of search list.]
  ignore line: [Compiler executable checksum: 686326f2cb97d601f6ff527209c76ded]
  ignore line: [COLLECT_GCC_OPTIONS='-v' '-o' 'CMakeFiles/cmTC_9b4e0.dir/CMakeCCompilerABI.c.o' '-c' '-mtune=generic' '-march=x86-64' '-dumpdir' 'CMakeFiles/cmTC_9b4e0.dir/']
  ignore line: [ /home/samuel.soutullo/.miniconda3/envs/accurate_ri_env/bin/../lib/gcc/x86_64-conda-linux-gnu/14.2.0/../../../../x86_64-conda-linux-gnu/bin/as -v --64 -o CMakeFiles/cmTC_9b4e0.dir/CMakeCCompilerABI.c.o /tmp/ccT7fcS4.s]
  ignore line: [GNU assembler version 2.43 (x86_64-conda-linux-gnu) using BFD version (GNU Binutils) 2.43]
  ignore line: [COMPILER_PATH=/home/samuel.soutullo/.miniconda3/envs/accurate_ri_env/bin/../libexec/gcc/x86_64-conda-linux-gnu/14.2.0/:/home/samuel.soutullo/.miniconda3/envs/accurate_ri_env/bin/../libexec/gcc/:/home/samuel.soutullo/.miniconda3/envs/accurate_ri_env/bin/../lib/gcc/x86_64-conda-linux-gnu/14.2.0/../../../../x86_64-conda-linux-gnu/bin/]
  ignore line: [LIBRARY_PATH=/home/samuel.soutullo/.miniconda3/envs/accurate_ri_env/bin/../lib/gcc/x86_64-conda-linux-gnu/14.2.0/:/home/samuel.soutullo/.miniconda3/envs/accurate_ri_env/bin/../lib/gcc/:/home/samuel.soutullo/.miniconda3/envs/accurate_ri_env/bin/../lib/gcc/x86_64-conda-linux-gnu/14.2.0/../../../../x86_64-conda-linux-gnu/lib/../lib/:/home/samuel.soutullo/.miniconda3/envs/accurate_ri_env/bin/../lib/gcc/x86_64-conda-linux-gnu/14.2.0/../../../../lib/:/home/samuel.soutullo/.miniconda3/envs/accurate_ri_env/bin/../x86_64-conda-linux-gnu/sysroot/lib/../lib/:/home/samuel.soutullo/.miniconda3/envs/accurate_ri_env/bin/../x86_64-conda-linux-gnu/sysroot/usr/lib/../lib/:/home/samuel.soutullo/.miniconda3/envs/accurate_ri_env/bin/../lib/gcc/x86_64-conda-linux-gnu/14.2.0/../../../../x86_64-conda-linux-gnu/lib/:/home/samuel.soutullo/.miniconda3/envs/accurate_ri_env/bin/../lib/gcc/x86_64-conda-linux-gnu/14.2.0/../../../:/home/samuel.soutullo/.miniconda3/envs/accurate_ri_env/bin/../x86_64-conda-linux-gnu/sysroot/lib/:/home/samuel.soutullo/.miniconda3/envs/accurate_ri_env/bin/../x86_64-conda-linux-gnu/sysroot/usr/lib/]
  ignore line: [COLLECT_GCC_OPTIONS='-v' '-o' 'CMakeFiles/cmTC_9b4e0.dir/CMakeCCompilerABI.c.o' '-c' '-mtune=generic' '-march=x86-64' '-dumpdir' 'CMakeFiles/cmTC_9b4e0.dir/CMakeCCompilerABI.c.']
  ignore line: [[2/2] Linking C executable cmTC_9b4e0]
  ignore line: [Reading specs from /home/samuel.soutullo/.miniconda3/envs/accurate_ri_env/bin/../lib/gcc/x86_64-conda-linux-gnu/14.2.0/specs]
  ignore line: [could not find specs file conda.specs]
  ignore line: [COLLECT_GCC=/home/samuel.soutullo/.miniconda3/envs/accurate_ri_env/bin/x86_64-conda-linux-gnu-cc]
  ignore line: [COLLECT_LTO_WRAPPER=/home/samuel.soutullo/.miniconda3/envs/accurate_ri_env/bin/../libexec/gcc/x86_64-conda-linux-gnu/14.2.0/lto-wrapper]
  ignore line: [Target: x86_64-conda-linux-gnu]
  ignore line: [Configured with: ../configure --prefix=/home/conda/feedstock_root/build_artifacts/gcc_compilers_1729025086244/_h_env_placehold_placehold_placehold_placehold_placehold_placehold_placehold_placehold_placehold_placehold_placehold_placehold_placehold_placehold_placehold_placehold_placehold_placeho --with-slibdir=/home/conda/feedstock_root/build_artifacts/gcc_compilers_1729025086244/_h_env_placehold_placehold_placehold_placehold_placehold_placehold_placehold_placehold_placehold_placehold_placehold_placehold_placehold_placehold_placehold_placehold_placehold_placeho/lib --libdir=/home/conda/feedstock_root/build_artifacts/gcc_compilers_1729025086244/_h_env_placehold_placehold_placehold_placehold_placehold_placehold_placehold_placehold_placehold_placehold_placehold_placehold_placehold_placehold_placehold_placehold_placehold_placeho/lib --mandir=/home/conda/feedstock_root/build_artifacts/gcc_compilers_1729025086244/_h_env_placehold_placehold_placehold_placehold_placehold_placehold_placehold_placehold_placehold_placehold_placehold_placehold_placehold_placehold_placehold_placehold_placehold_placeho/man --build=x86_64-conda-linux-gnu --host=x86_64-conda-linux-gnu --target=x86_64-conda-linux-gnu --enable-languages=c c++ fortran objc obj-c++ --enable-__cxa_atexit --disable-libmudflap --enable-libgomp --disable-libssp --enable-libquadmath --enable-libquadmath-support --enable-lto --enable-target-optspace --enable-plugin --enable-gold --disable-nls --disable-bootstrap --disable-multilib --enable-long-long --with-sysroot=/home/conda/feedstock_root/build_artifacts/gcc_compilers_1729025086244/_h_env_placehold_placehold_placehold_placehold_placehold_placehold_placehold_placehold_placehold_placehold_placehold_placehold_placehold_placehold_placehold_placehold_placehold_placeho/x86_64-conda-linux-gnu/sysroot --with-build-sysroot=/home/conda/feedstock_root/build_artifacts/gcc_compilers_1729025086244/work/cf-compilers/x86_64-conda-linux-gnu/sysroot --with-native-system-header-dir=/usr/include --with-gxx-include-dir=/home/conda/feedstock_root/build_artifacts/gcc_compilers_1729025086244/_h_env_placehold_placehold_placehold_placehold_placehold_placehold_placehold_placehold_placehold_placehold_placehold_placehold_placehold_placehold_placehold_placehold_placehold_placeho/lib/gcc/x86_64-conda-linux-gnu/14.2.0/include/c++ --with-pkgversion='conda-forge gcc 14.2.0-1' --with-bugurl=https://github.com/conda-forge/ctng-compilers-feedstock/issues/new/choose --enable-libsanitizer --enable-default-pie --enable-threads=posix]
  ignore line: [Thread model: posix]
  ignore line: [Supported LTO compression algorithms: zlib]
  ignore line: [gcc version 14.2.0 (conda-forge gcc 14.2.0-1) ]
  ignore line: [COMPILER_PATH=/home/samuel.soutullo/.miniconda3/envs/accurate_ri_env/bin/../libexec/gcc/x86_64-conda-linux-gnu/14.2.0/:/home/samuel.soutullo/.miniconda3/envs/accurate_ri_env/bin/../libexec/gcc/:/home/samuel.soutullo/.miniconda3/envs/accurate_ri_env/bin/../lib/gcc/x86_64-conda-linux-gnu/14.2.0/../../../../x86_64-conda-linux-gnu/bin/]
  ignore line: [LIBRARY_PATH=/home/samuel.soutullo/.miniconda3/envs/accurate_ri_env/bin/../lib/gcc/x86_64-conda-linux-gnu/14.2.0/:/home/samuel.soutullo/.miniconda3/envs/accurate_ri_env/bin/../lib/gcc/:/home/samuel.soutullo/.miniconda3/envs/accurate_ri_env/bin/../lib/gcc/x86_64-conda-linux-gnu/14.2.0/../../../../x86_64-conda-linux-gnu/lib/../lib/:/home/samuel.soutullo/.miniconda3/envs/accurate_ri_env/bin/../lib/gcc/x86_64-conda-linux-gnu/14.2.0/../../../../lib/:/home/samuel.soutullo/.miniconda3/envs/accurate_ri_env/bin/../x86_64-conda-linux-gnu/sysroot/lib/../lib/:/home/samuel.soutullo/.miniconda3/envs/accurate_ri_env/bin/../x86_64-conda-linux-gnu/sysroot/usr/lib/../lib/:/home/samuel.soutullo/.miniconda3/envs/accurate_ri_env/bin/../lib/gcc/x86_64-conda-linux-gnu/14.2.0/../../../../x86_64-conda-linux-gnu/lib/:/home/samuel.soutullo/.miniconda3/envs/accurate_ri_env/bin/../lib/gcc/x86_64-conda-linux-gnu/14.2.0/../../../:/home/samuel.soutullo/.miniconda3/envs/accurate_ri_env/bin/../x86_64-conda-linux-gnu/sysroot/lib/:/home/samuel.soutullo/.miniconda3/envs/accurate_ri_env/bin/../x86_64-conda-linux-gnu/sysroot/usr/lib/]
  ignore line: [COLLECT_GCC_OPTIONS='-v' '-o' 'cmTC_9b4e0' '-mtune=generic' '-march=x86-64' '-dumpdir' 'cmTC_9b4e0.']
  link line: [ /home/samuel.soutullo/.miniconda3/envs/accurate_ri_env/bin/../libexec/gcc/x86_64-conda-linux-gnu/14.2.0/collect2 -plugin /home/samuel.soutullo/.miniconda3/envs/accurate_ri_env/bin/../libexec/gcc/x86_64-conda-linux-gnu/14.2.0/liblto_plugin.so -plugin-opt=/home/samuel.soutullo/.miniconda3/envs/accurate_ri_env/bin/../libexec/gcc/x86_64-conda-linux-gnu/14.2.0/lto-wrapper -plugin-opt=-fresolution=/tmp/ccMGGMQ9.res -plugin-opt=-pass-through=-lgcc -plugin-opt=-pass-through=-lgcc_s -plugin-opt=-pass-through=-lc -plugin-opt=-pass-through=-lgcc -plugin-opt=-pass-through=-lgcc_s --sysroot=/home/samuel.soutullo/.miniconda3/envs/accurate_ri_env/bin/../x86_64-conda-linux-gnu/sysroot --eh-frame-hdr -m elf_x86_64 -dynamic-linker /lib64/ld-linux-x86-64.so.2 -pie -o cmTC_9b4e0 /home/samuel.soutullo/.miniconda3/envs/accurate_ri_env/bin/../x86_64-conda-linux-gnu/sysroot/usr/lib/../lib/Scrt1.o /home/samuel.soutullo/.miniconda3/envs/accurate_ri_env/bin/../x86_64-conda-linux-gnu/sysroot/usr/lib/../lib/crti.o /home/samuel.soutullo/.miniconda3/envs/accurate_ri_env/bin/../lib/gcc/x86_64-conda-linux-gnu/14.2.0/crtbeginS.o -L/home/samuel.soutullo/.miniconda3/envs/accurate_ri_env/bin/../lib/gcc/x86_64-conda-linux-gnu/14.2.0 -L/home/samuel.soutullo/.miniconda3/envs/accurate_ri_env/bin/../lib/gcc -L/home/samuel.soutullo/.miniconda3/envs/accurate_ri_env/bin/../lib/gcc/x86_64-conda-linux-gnu/14.2.0/../../../../x86_64-conda-linux-gnu/lib/../lib -L/home/samuel.soutullo/.miniconda3/envs/accurate_ri_env/bin/../lib/gcc/x86_64-conda-linux-gnu/14.2.0/../../../../lib -L/home/samuel.soutullo/.miniconda3/envs/accurate_ri_env/bin/../x86_64-conda-linux-gnu/sysroot/lib/../lib -L/home/samuel.soutullo/.miniconda3/envs/accurate_ri_env/bin/../x86_64-conda-linux-gnu/sysroot/usr/lib/../lib -L/home/samuel.soutullo/.miniconda3/envs/accurate_ri_env/bin/../lib/gcc/x86_64-conda-linux-gnu/14.2.0/../../../../x86_64-conda-linux-gnu/lib -L/home/samuel.soutullo/.miniconda3/envs/accurate_ri_env/bin/../lib/gcc/x86_64-conda-linux-gnu/14.2.0/../../.. -L/home/samuel.soutullo/.miniconda3/envs/accurate_ri_env/bin/../x86_64-conda-linux-gnu/sysroot/lib -L/home/samuel.soutullo/.miniconda3/envs/accurate_ri_env/bin/../x86_64-conda-linux-gnu/sysroot/usr/lib CMakeFiles/cmTC_9b4e0.dir/CMakeCCompilerABI.c.o -lgcc --push-state --as-needed -lgcc_s --pop-state -lc -lgcc --push-state --as-needed -lgcc_s --pop-state /home/samuel.soutullo/.miniconda3/envs/accurate_ri_env/bin/../lib/gcc/x86_64-conda-linux-gnu/14.2.0/crtendS.o /home/samuel.soutullo/.miniconda3/envs/accurate_ri_env/bin/../x86_64-conda-linux-gnu/sysroot/usr/lib/../lib/crtn.o -rpath /home/samuel.soutullo/.miniconda3/envs/accurate_ri_env/lib]
    arg [/home/samuel.soutullo/.miniconda3/envs/accurate_ri_env/bin/../libexec/gcc/x86_64-conda-linux-gnu/14.2.0/collect2] ==> ignore
    arg [-plugin] ==> ignore
    arg [/home/samuel.soutullo/.miniconda3/envs/accurate_ri_env/bin/../libexec/gcc/x86_64-conda-linux-gnu/14.2.0/liblto_plugin.so] ==> ignore
    arg [-plugin-opt=/home/samuel.soutullo/.miniconda3/envs/accurate_ri_env/bin/../libexec/gcc/x86_64-conda-linux-gnu/14.2.0/lto-wrapper] ==> ignore
    arg [-plugin-opt=-fresolution=/tmp/ccMGGMQ9.res] ==> ignore
    arg [-plugin-opt=-pass-through=-lgcc] ==> ignore
    arg [-plugin-opt=-pass-through=-lgcc_s] ==> ignore
    arg [-plugin-opt=-pass-through=-lc] ==> ignore
    arg [-plugin-opt=-pass-through=-lgcc] ==> ignore
    arg [-plugin-opt=-pass-through=-lgcc_s] ==> ignore
    arg [--sysroot=/home/samuel.soutullo/.miniconda3/envs/accurate_ri_env/bin/../x86_64-conda-linux-gnu/sysroot] ==> ignore
    arg [--eh-frame-hdr] ==> ignore
    arg [-m] ==> ignore
    arg [elf_x86_64] ==> ignore
    arg [-dynamic-linker] ==> ignore
    arg [/lib64/ld-linux-x86-64.so.2] ==> ignore
    arg [-pie] ==> ignore
    arg [-o] ==> ignore
    arg [cmTC_9b4e0] ==> ignore
    arg [/home/samuel.soutullo/.miniconda3/envs/accurate_ri_env/bin/../x86_64-conda-linux-gnu/sysroot/usr/lib/../lib/Scrt1.o] ==> obj [/home/samuel.soutullo/.miniconda3/envs/accurate_ri_env/bin/../x86_64-conda-linux-gnu/sysroot/usr/lib/../lib/Scrt1.o]
    arg [/home/samuel.soutullo/.miniconda3/envs/accurate_ri_env/bin/../x86_64-conda-linux-gnu/sysroot/usr/lib/../lib/crti.o] ==> obj [/home/samuel.soutullo/.miniconda3/envs/accurate_ri_env/bin/../x86_64-conda-linux-gnu/sysroot/usr/lib/../lib/crti.o]
    arg [/home/samuel.soutullo/.miniconda3/envs/accurate_ri_env/bin/../lib/gcc/x86_64-conda-linux-gnu/14.2.0/crtbeginS.o] ==> obj [/home/samuel.soutullo/.miniconda3/envs/accurate_ri_env/bin/../lib/gcc/x86_64-conda-linux-gnu/14.2.0/crtbeginS.o]
    arg [-L/home/samuel.soutullo/.miniconda3/envs/accurate_ri_env/bin/../lib/gcc/x86_64-conda-linux-gnu/14.2.0] ==> dir [/home/samuel.soutullo/.miniconda3/envs/accurate_ri_env/bin/../lib/gcc/x86_64-conda-linux-gnu/14.2.0]
    arg [-L/home/samuel.soutullo/.miniconda3/envs/accurate_ri_env/bin/../lib/gcc] ==> dir [/home/samuel.soutullo/.miniconda3/envs/accurate_ri_env/bin/../lib/gcc]
    arg [-L/home/samuel.soutullo/.miniconda3/envs/accurate_ri_env/bin/../lib/gcc/x86_64-conda-linux-gnu/14.2.0/../../../../x86_64-conda-linux-gnu/lib/../lib] ==> dir [/home/samuel.soutullo/.miniconda3/envs/accurate_ri_env/bin/../lib/gcc/x86_64-conda-linux-gnu/14.2.0/../../../../x86_64-conda-linux-gnu/lib/../lib]
    arg [-L/home/samuel.soutullo/.miniconda3/envs/accurate_ri_env/bin/../lib/gcc/x86_64-conda-linux-gnu/14.2.0/../../../../lib] ==> dir [/home/samuel.soutullo/.miniconda3/envs/accurate_ri_env/bin/../lib/gcc/x86_64-conda-linux-gnu/14.2.0/../../../../lib]
    arg [-L/home/samuel.soutullo/.miniconda3/envs/accurate_ri_env/bin/../x86_64-conda-linux-gnu/sysroot/lib/../lib] ==> dir [/home/samuel.soutullo/.miniconda3/envs/accurate_ri_env/bin/../x86_64-conda-linux-gnu/sysroot/lib/../lib]
    arg [-L/home/samuel.soutullo/.miniconda3/envs/accurate_ri_env/bin/../x86_64-conda-linux-gnu/sysroot/usr/lib/../lib] ==> dir [/home/samuel.soutullo/.miniconda3/envs/accurate_ri_env/bin/../x86_64-conda-linux-gnu/sysroot/usr/lib/../lib]
    arg [-L/home/samuel.soutullo/.miniconda3/envs/accurate_ri_env/bin/../lib/gcc/x86_64-conda-linux-gnu/14.2.0/../../../../x86_64-conda-linux-gnu/lib] ==> dir [/home/samuel.soutullo/.miniconda3/envs/accurate_ri_env/bin/../lib/gcc/x86_64-conda-linux-gnu/14.2.0/../../../../x86_64-conda-linux-gnu/lib]
    arg [-L/home/samuel.soutullo/.miniconda3/envs/accurate_ri_env/bin/../lib/gcc/x86_64-conda-linux-gnu/14.2.0/../../..] ==> dir [/home/samuel.soutullo/.miniconda3/envs/accurate_ri_env/bin/../lib/gcc/x86_64-conda-linux-gnu/14.2.0/../../..]
    arg [-L/home/samuel.soutullo/.miniconda3/envs/accurate_ri_env/bin/../x86_64-conda-linux-gnu/sysroot/lib] ==> dir [/home/samuel.soutullo/.miniconda3/envs/accurate_ri_env/bin/../x86_64-conda-linux-gnu/sysroot/lib]
    arg [-L/home/samuel.soutullo/.miniconda3/envs/accurate_ri_env/bin/../x86_64-conda-linux-gnu/sysroot/usr/lib] ==> dir [/home/samuel.soutullo/.miniconda3/envs/accurate_ri_env/bin/../x86_64-conda-linux-gnu/sysroot/usr/lib]
    arg [CMakeFiles/cmTC_9b4e0.dir/CMakeCCompilerABI.c.o] ==> ignore
    arg [-lgcc] ==> lib [gcc]
    arg [--push-state] ==> ignore
    arg [--as-needed] ==> ignore
    arg [-lgcc_s] ==> lib [gcc_s]
    arg [--pop-state] ==> ignore
    arg [-lc] ==> lib [c]
    arg [-lgcc] ==> lib [gcc]
    arg [--push-state] ==> ignore
    arg [--as-needed] ==> ignore
    arg [-lgcc_s] ==> lib [gcc_s]
    arg [--pop-state] ==> ignore
    arg [/home/samuel.soutullo/.miniconda3/envs/accurate_ri_env/bin/../lib/gcc/x86_64-conda-linux-gnu/14.2.0/crtendS.o] ==> obj [/home/samuel.soutullo/.miniconda3/envs/accurate_ri_env/bin/../lib/gcc/x86_64-conda-linux-gnu/14.2.0/crtendS.o]
    arg [/home/samuel.soutullo/.miniconda3/envs/accurate_ri_env/bin/../x86_64-conda-linux-gnu/sysroot/usr/lib/../lib/crtn.o] ==> obj [/home/samuel.soutullo/.miniconda3/envs/accurate_ri_env/bin/../x86_64-conda-linux-gnu/sysroot/usr/lib/../lib/crtn.o]
    arg [-rpath] ==> ignore
    arg [/home/samuel.soutullo/.miniconda3/envs/accurate_ri_env/lib] ==> ignore
  collapse obj [/home/samuel.soutullo/.miniconda3/envs/accurate_ri_env/bin/../x86_64-conda-linux-gnu/sysroot/usr/lib/../lib/Scrt1.o] ==> [/home/samuel.soutullo/.miniconda3/envs/accurate_ri_env/x86_64-conda-linux-gnu/sysroot/usr/lib/Scrt1.o]
  collapse obj [/home/samuel.soutullo/.miniconda3/envs/accurate_ri_env/bin/../x86_64-conda-linux-gnu/sysroot/usr/lib/../lib/crti.o] ==> [/home/samuel.soutullo/.miniconda3/envs/accurate_ri_env/x86_64-conda-linux-gnu/sysroot/usr/lib/crti.o]
  collapse obj [/home/samuel.soutullo/.miniconda3/envs/accurate_ri_env/bin/../lib/gcc/x86_64-conda-linux-gnu/14.2.0/crtbeginS.o] ==> [/home/samuel.soutullo/.miniconda3/envs/accurate_ri_env/lib/gcc/x86_64-conda-linux-gnu/14.2.0/crtbeginS.o]
  collapse obj [/home/samuel.soutullo/.miniconda3/envs/accurate_ri_env/bin/../lib/gcc/x86_64-conda-linux-gnu/14.2.0/crtendS.o] ==> [/home/samuel.soutullo/.miniconda3/envs/accurate_ri_env/lib/gcc/x86_64-conda-linux-gnu/14.2.0/crtendS.o]
  collapse obj [/home/samuel.soutullo/.miniconda3/envs/accurate_ri_env/bin/../x86_64-conda-linux-gnu/sysroot/usr/lib/../lib/crtn.o] ==> [/home/samuel.soutullo/.miniconda3/envs/accurate_ri_env/x86_64-conda-linux-gnu/sysroot/usr/lib/crtn.o]
  collapse library dir [/home/samuel.soutullo/.miniconda3/envs/accurate_ri_env/bin/../lib/gcc/x86_64-conda-linux-gnu/14.2.0] ==> [/home/samuel.soutullo/.miniconda3/envs/accurate_ri_env/lib/gcc/x86_64-conda-linux-gnu/14.2.0]
  collapse library dir [/home/samuel.soutullo/.miniconda3/envs/accurate_ri_env/bin/../lib/gcc] ==> [/home/samuel.soutullo/.miniconda3/envs/accurate_ri_env/lib/gcc]
  collapse library dir [/home/samuel.soutullo/.miniconda3/envs/accurate_ri_env/bin/../lib/gcc/x86_64-conda-linux-gnu/14.2.0/../../../../x86_64-conda-linux-gnu/lib/../lib] ==> [/home/samuel.soutullo/.miniconda3/envs/accurate_ri_env/x86_64-conda-linux-gnu/lib]
  collapse library dir [/home/samuel.soutullo/.miniconda3/envs/accurate_ri_env/bin/../lib/gcc/x86_64-conda-linux-gnu/14.2.0/../../../../lib] ==> [/home/samuel.soutullo/.miniconda3/envs/accurate_ri_env/lib]
  collapse library dir [/home/samuel.soutullo/.miniconda3/envs/accurate_ri_env/bin/../x86_64-conda-linux-gnu/sysroot/lib/../lib] ==> [/home/samuel.soutullo/.miniconda3/envs/accurate_ri_env/x86_64-conda-linux-gnu/sysroot/lib]
  collapse library dir [/home/samuel.soutullo/.miniconda3/envs/accurate_ri_env/bin/../x86_64-conda-linux-gnu/sysroot/usr/lib/../lib] ==> [/home/samuel.soutullo/.miniconda3/envs/accurate_ri_env/x86_64-conda-linux-gnu/sysroot/usr/lib]
  collapse library dir [/home/samuel.soutullo/.miniconda3/envs/accurate_ri_env/bin/../lib/gcc/x86_64-conda-linux-gnu/14.2.0/../../../../x86_64-conda-linux-gnu/lib] ==> [/home/samuel.soutullo/.miniconda3/envs/accurate_ri_env/x86_64-conda-linux-gnu/lib]
  collapse library dir [/home/samuel.soutullo/.miniconda3/envs/accurate_ri_env/bin/../lib/gcc/x86_64-conda-linux-gnu/14.2.0/../../..] ==> [/home/samuel.soutullo/.miniconda3/envs/accurate_ri_env/lib]
  collapse library dir [/home/samuel.soutullo/.miniconda3/envs/accurate_ri_env/bin/../x86_64-conda-linux-gnu/sysroot/lib] ==> [/home/samuel.soutullo/.miniconda3/envs/accurate_ri_env/x86_64-conda-linux-gnu/sysroot/lib]
  collapse library dir [/home/samuel.soutullo/.miniconda3/envs/accurate_ri_env/bin/../x86_64-conda-linux-gnu/sysroot/usr/lib] ==> [/home/samuel.soutullo/.miniconda3/envs/accurate_ri_env/x86_64-conda-linux-gnu/sysroot/usr/lib]
  implicit libs: [gcc;gcc_s;c;gcc;gcc_s]
  implicit objs: [/home/samuel.soutullo/.miniconda3/envs/accurate_ri_env/x86_64-conda-linux-gnu/sysroot/usr/lib/Scrt1.o;/home/samuel.soutullo/.miniconda3/envs/accurate_ri_env/x86_64-conda-linux-gnu/sysroot/usr/lib/crti.o;/home/samuel.soutullo/.miniconda3/envs/accurate_ri_env/lib/gcc/x86_64-conda-linux-gnu/14.2.0/crtbeginS.o;/home/samuel.soutullo/.miniconda3/envs/accurate_ri_env/lib/gcc/x86_64-conda-linux-gnu/14.2.0/crtendS.o;/home/samuel.soutullo/.miniconda3/envs/accurate_ri_env/x86_64-conda-linux-gnu/sysroot/usr/lib/crtn.o]
  implicit dirs: [/home/samuel.soutullo/.miniconda3/envs/accurate_ri_env/lib/gcc/x86_64-conda-linux-gnu/14.2.0;/home/samuel.soutullo/.miniconda3/envs/accurate_ri_env/lib/gcc;/home/samuel.soutullo/.miniconda3/envs/accurate_ri_env/x86_64-conda-linux-gnu/lib;/home/samuel.soutullo/.miniconda3/envs/accurate_ri_env/lib;/home/samuel.soutullo/.miniconda3/envs/accurate_ri_env/x86_64-conda-linux-gnu/sysroot/lib;/home/samuel.soutullo/.miniconda3/envs/accurate_ri_env/x86_64-conda-linux-gnu/sysroot/usr/lib]
  implicit fwks: []


Detecting CXX compiler ABI info compiled with the following output:
Change Dir: /home/samuel.soutullo/GitHub/AccurateRI/cmake-build-debug/CMakeFiles/CMakeTmp

Run Build Command(s):/home/samuel.soutullo/.miniconda3/envs/accurate_ri_env/bin/ninja cmTC_87f2e && [1/2] Building CXX object CMakeFiles/cmTC_87f2e.dir/CMakeCXXCompilerABI.cpp.o
Reading specs from /home/samuel.soutullo/.miniconda3/envs/accurate_ri_env/bin/../lib/gcc/x86_64-conda-linux-gnu/14.2.0/specs
could not find specs file conda.specs
COLLECT_GCC=/home/samuel.soutullo/.miniconda3/envs/accurate_ri_env/bin/x86_64-conda-linux-gnu-c++
Target: x86_64-conda-linux-gnu
Configured with: ../configure --prefix=/home/conda/feedstock_root/build_artifacts/gcc_compilers_1729025086244/_h_env_placehold_placehold_placehold_placehold_placehold_placehold_placehold_placehold_placehold_placehold_placehold_placehold_placehold_placehold_placehold_placehold_placehold_placeho --with-slibdir=/home/conda/feedstock_root/build_artifacts/gcc_compilers_1729025086244/_h_env_placehold_placehold_placehold_placehold_placehold_placehold_placehold_placehold_placehold_placehold_placehold_placehold_placehold_placehold_placehold_placehold_placehold_placeho/lib --libdir=/home/conda/feedstock_root/build_artifacts/gcc_compilers_1729025086244/_h_env_placehold_placehold_placehold_placehold_placehold_placehold_placehold_placehold_placehold_placehold_placehold_placehold_placehold_placehold_placehold_placehold_placehold_placeho/lib --mandir=/home/conda/feedstock_root/build_artifacts/gcc_compilers_1729025086244/_h_env_placehold_placehold_placehold_placehold_placehold_placehold_placehold_placehold_placehold_placehold_placehold_placehold_placehold_placehold_placehold_placehold_placehold_placeho/man --build=x86_64-conda-linux-gnu --host=x86_64-conda-linux-gnu --target=x86_64-conda-linux-gnu --enable-languages=c,c++,fortran,objc,obj-c++ --enable-__cxa_atexit --disable-libmudflap --enable-libgomp --disable-libssp --enable-libquadmath --enable-libquadmath-support --enable-lto --enable-target-optspace --enable-plugin --enable-gold --disable-nls --disable-bootstrap --disable-multilib --enable-long-long --with-sysroot=/home/conda/feedstock_root/build_artifacts/gcc_compilers_1729025086244/_h_env_placehold_placehold_placehold_placehold_placehold_placehold_placehold_placehold_placehold_placehold_placehold_placehold_placehold_placehold_placehold_placehold_placehold_placeho/x86_64-conda-linux-gnu/sysroot --with-build-sysroot=/home/conda/feedstock_root/build_artifacts/gcc_compilers_1729025086244/work/cf-compilers/x86_64-conda-linux-gnu/sysroot --with-native-system-header-dir=/usr/include --with-gxx-include-dir=/home/conda/feedstock_root/build_artifacts/gcc_compilers_1729025086244/_h_env_placehold_placehold_placehold_placehold_placehold_placehold_placehold_placehold_placehold_placehold_placehold_placehold_placehold_placehold_placehold_placehold_placehold_placeho/lib/gcc/x86_64-conda-linux-gnu/14.2.0/include/c++ --with-pkgversion='conda-forge gcc 14.2.0-1' --with-bugurl=https://github.com/conda-forge/ctng-compilers-feedstock/issues/new/choose --enable-libsanitizer --enable-default-pie --enable-threads=posix
Thread model: posix
Supported LTO compression algorithms: zlib
gcc version 14.2.0 (conda-forge gcc 14.2.0-1) 
COLLECT_GCC_OPTIONS='-v' '-o' 'CMakeFiles/cmTC_87f2e.dir/CMakeCXXCompilerABI.cpp.o' '-c' '-shared-libgcc' '-mtune=generic' '-march=x86-64' '-dumpdir' 'CMakeFiles/cmTC_87f2e.dir/'
 /home/samuel.soutullo/.miniconda3/envs/accurate_ri_env/bin/../libexec/gcc/x86_64-conda-linux-gnu/14.2.0/cc1plus -quiet -v -iprefix /home/samuel.soutullo/.miniconda3/envs/accurate_ri_env/bin/../lib/gcc/x86_64-conda-linux-gnu/14.2.0/ -isysroot /home/samuel.soutullo/.miniconda3/envs/accurate_ri_env/bin/../x86_64-conda-linux-gnu/sysroot -D_GNU_SOURCE /home/samuel.soutullo/.miniconda3/envs/accurate_ri_env/share/cmake-3.22/Modules/CMakeCXXCompilerABI.cpp -quiet -dumpdir CMakeFiles/cmTC_87f2e.dir/ -dumpbase CMakeCXXCompilerABI.cpp.cpp -dumpbase-ext .cpp -mtune=generic -march=x86-64 -version -o /tmp/ccykZnwF.s
GNU C++17 (conda-forge gcc 14.2.0-1) version 14.2.0 (x86_64-conda-linux-gnu)
	compiled by GNU C version 14.1.0, GMP version 6.2.1, MPFR version 4.1.0, MPC version 1.2.1, isl version isl-0.24-GMP

GGC heuristics: --param ggc-min-expand=100 --param ggc-min-heapsize=131072
ignoring nonexistent directory "/home/samuel.soutullo/.miniconda3/envs/accurate_ri_env/bin/../lib/gcc/x86_64-conda-linux-gnu/14.2.0/../../../../x86_64-conda-linux-gnu/include"
ignoring duplicate directory "/home/samuel.soutullo/.miniconda3/envs/accurate_ri_env/bin/../lib/gcc/../../lib/gcc/x86_64-conda-linux-gnu/14.2.0/include/c++"
ignoring duplicate directory "/home/samuel.soutullo/.miniconda3/envs/accurate_ri_env/bin/../lib/gcc/../../lib/gcc/x86_64-conda-linux-gnu/14.2.0/include/c++/x86_64-conda-linux-gnu"
ignoring duplicate directory "/home/samuel.soutullo/.miniconda3/envs/accurate_ri_env/bin/../lib/gcc/../../lib/gcc/x86_64-conda-linux-gnu/14.2.0/include/c++/backward"
ignoring duplicate directory "/home/samuel.soutullo/.miniconda3/envs/accurate_ri_env/bin/../lib/gcc/../../lib/gcc/x86_64-conda-linux-gnu/14.2.0/include"
ignoring nonexistent directory "/home/samuel.soutullo/.miniconda3/envs/accurate_ri_env/bin/../x86_64-conda-linux-gnu/sysroot/usr/local/include"
ignoring duplicate directory "/home/samuel.soutullo/.miniconda3/envs/accurate_ri_env/bin/../lib/gcc/../../lib/gcc/x86_64-conda-linux-gnu/14.2.0/include-fixed"
ignoring nonexistent directory "/home/samuel.soutullo/.miniconda3/envs/accurate_ri_env/bin/../lib/gcc/../../lib/gcc/x86_64-conda-linux-gnu/14.2.0/../../../../x86_64-conda-linux-gnu/include"
#include "..." search starts here:
#include <...> search starts here:
 /home/samuel.soutullo/.miniconda3/envs/accurate_ri_env/bin/../lib/gcc/x86_64-conda-linux-gnu/14.2.0/include/c++
 /home/samuel.soutullo/.miniconda3/envs/accurate_ri_env/bin/../lib/gcc/x86_64-conda-linux-gnu/14.2.0/include/c++/x86_64-conda-linux-gnu
 /home/samuel.soutullo/.miniconda3/envs/accurate_ri_env/bin/../lib/gcc/x86_64-conda-linux-gnu/14.2.0/include/c++/backward
 /home/samuel.soutullo/.miniconda3/envs/accurate_ri_env/bin/../lib/gcc/x86_64-conda-linux-gnu/14.2.0/include
 /home/samuel.soutullo/.miniconda3/envs/accurate_ri_env/bin/../lib/gcc/x86_64-conda-linux-gnu/14.2.0/include-fixed
 /home/samuel.soutullo/.miniconda3/envs/accurate_ri_env/bin/../x86_64-conda-linux-gnu/sysroot/usr/include
End of search list.
Compiler executable checksum: 9bfce81118dc9a9f1840f489680907a7
COLLECT_GCC_OPTIONS='-v' '-o' 'CMakeFiles/cmTC_87f2e.dir/CMakeCXXCompilerABI.cpp.o' '-c' '-shared-libgcc' '-mtune=generic' '-march=x86-64' '-dumpdir' 'CMakeFiles/cmTC_87f2e.dir/'
 /home/samuel.soutullo/.miniconda3/envs/accurate_ri_env/bin/../lib/gcc/x86_64-conda-linux-gnu/14.2.0/../../../../x86_64-conda-linux-gnu/bin/as -v --64 -o CMakeFiles/cmTC_87f2e.dir/CMakeCXXCompilerABI.cpp.o /tmp/ccykZnwF.s
GNU assembler version 2.43 (x86_64-conda-linux-gnu) using BFD version (GNU Binutils) 2.43
COMPILER_PATH=/home/samuel.soutullo/.miniconda3/envs/accurate_ri_env/bin/../libexec/gcc/x86_64-conda-linux-gnu/14.2.0/:/home/samuel.soutullo/.miniconda3/envs/accurate_ri_env/bin/../libexec/gcc/:/home/samuel.soutullo/.miniconda3/envs/accurate_ri_env/bin/../lib/gcc/x86_64-conda-linux-gnu/14.2.0/../../../../x86_64-conda-linux-gnu/bin/
LIBRARY_PATH=/home/samuel.soutullo/.miniconda3/envs/accurate_ri_env/bin/../lib/gcc/x86_64-conda-linux-gnu/14.2.0/:/home/samuel.soutullo/.miniconda3/envs/accurate_ri_env/bin/../lib/gcc/:/home/samuel.soutullo/.miniconda3/envs/accurate_ri_env/bin/../lib/gcc/x86_64-conda-linux-gnu/14.2.0/../../../../x86_64-conda-linux-gnu/lib/../lib/:/home/samuel.soutullo/.miniconda3/envs/accurate_ri_env/bin/../lib/gcc/x86_64-conda-linux-gnu/14.2.0/../../../../lib/:/home/samuel.soutullo/.miniconda3/envs/accurate_ri_env/bin/../x86_64-conda-linux-gnu/sysroot/lib/../lib/:/home/samuel.soutullo/.miniconda3/envs/accurate_ri_env/bin/../x86_64-conda-linux-gnu/sysroot/usr/lib/../lib/:/home/samuel.soutullo/.miniconda3/envs/accurate_ri_env/bin/../lib/gcc/x86_64-conda-linux-gnu/14.2.0/../../../../x86_64-conda-linux-gnu/lib/:/home/samuel.soutullo/.miniconda3/envs/accurate_ri_env/bin/../lib/gcc/x86_64-conda-linux-gnu/14.2.0/../../../:/home/samuel.soutullo/.miniconda3/envs/accurate_ri_env/bin/../x86_64-conda-linux-gnu/sysroot/lib/:/home/samuel.soutullo/.miniconda3/envs/accurate_ri_env/bin/../x86_64-conda-linux-gnu/sysroot/usr/lib/
COLLECT_GCC_OPTIONS='-v' '-o' 'CMakeFiles/cmTC_87f2e.dir/CMakeCXXCompilerABI.cpp.o' '-c' '-shared-libgcc' '-mtune=generic' '-march=x86-64' '-dumpdir' 'CMakeFiles/cmTC_87f2e.dir/CMakeCXXCompilerABI.cpp.'
[2/2] Linking CXX executable cmTC_87f2e
Reading specs from /home/samuel.soutullo/.miniconda3/envs/accurate_ri_env/bin/../lib/gcc/x86_64-conda-linux-gnu/14.2.0/specs
could not find specs file conda.specs
COLLECT_GCC=/home/samuel.soutullo/.miniconda3/envs/accurate_ri_env/bin/x86_64-conda-linux-gnu-c++
COLLECT_LTO_WRAPPER=/home/samuel.soutullo/.miniconda3/envs/accurate_ri_env/bin/../libexec/gcc/x86_64-conda-linux-gnu/14.2.0/lto-wrapper
Target: x86_64-conda-linux-gnu
Configured with: ../configure --prefix=/home/conda/feedstock_root/build_artifacts/gcc_compilers_1729025086244/_h_env_placehold_placehold_placehold_placehold_placehold_placehold_placehold_placehold_placehold_placehold_placehold_placehold_placehold_placehold_placehold_placehold_placehold_placeho --with-slibdir=/home/conda/feedstock_root/build_artifacts/gcc_compilers_1729025086244/_h_env_placehold_placehold_placehold_placehold_placehold_placehold_placehold_placehold_placehold_placehold_placehold_placehold_placehold_placehold_placehold_placehold_placehold_placeho/lib --libdir=/home/conda/feedstock_root/build_artifacts/gcc_compilers_1729025086244/_h_env_placehold_placehold_placehold_placehold_placehold_placehold_placehold_placehold_placehold_placehold_placehold_placehold_placehold_placehold_placehold_placehold_placehold_placeho/lib --mandir=/home/conda/feedstock_root/build_artifacts/gcc_compilers_1729025086244/_h_env_placehold_placehold_placehold_placehold_placehold_placehold_placehold_placehold_placehold_placehold_placehold_placehold_placehold_placehold_placehold_placehold_placehold_placeho/man --build=x86_64-conda-linux-gnu --host=x86_64-conda-linux-gnu --target=x86_64-conda-linux-gnu --enable-languages=c,c++,fortran,objc,obj-c++ --enable-__cxa_atexit --disable-libmudflap --enable-libgomp --disable-libssp --enable-libquadmath --enable-libquadmath-support --enable-lto --enable-target-optspace --enable-plugin --enable-gold --disable-nls --disable-bootstrap --disable-multilib --enable-long-long --with-sysroot=/home/conda/feedstock_root/build_artifacts/gcc_compilers_1729025086244/_h_env_placehold_placehold_placehold_placehold_placehold_placehold_placehold_placehold_placehold_placehold_placehold_placehold_placehold_placehold_placehold_placehold_placehold_placeho/x86_64-conda-linux-gnu/sysroot --with-build-sysroot=/home/conda/feedstock_root/build_artifacts/gcc_compilers_1729025086244/work/cf-compilers/x86_64-conda-linux-gnu/sysroot --with-native-system-header-dir=/usr/include --with-gxx-include-dir=/home/conda/feedstock_root/build_artifacts/gcc_compilers_1729025086244/_h_env_placehold_placehold_placehold_placehold_placehold_placehold_placehold_placehold_placehold_placehold_placehold_placehold_placehold_placehold_placehold_placehold_placehold_placeho/lib/gcc/x86_64-conda-linux-gnu/14.2.0/include/c++ --with-pkgversion='conda-forge gcc 14.2.0-1' --with-bugurl=https://github.com/conda-forge/ctng-compilers-feedstock/issues/new/choose --enable-libsanitizer --enable-default-pie --enable-threads=posix
Thread model: posix
Supported LTO compression algorithms: zlib
gcc version 14.2.0 (conda-forge gcc 14.2.0-1) 
COMPILER_PATH=/home/samuel.soutullo/.miniconda3/envs/accurate_ri_env/bin/../libexec/gcc/x86_64-conda-linux-gnu/14.2.0/:/home/samuel.soutullo/.miniconda3/envs/accurate_ri_env/bin/../libexec/gcc/:/home/samuel.soutullo/.miniconda3/envs/accurate_ri_env/bin/../lib/gcc/x86_64-conda-linux-gnu/14.2.0/../../../../x86_64-conda-linux-gnu/bin/
LIBRARY_PATH=/home/samuel.soutullo/.miniconda3/envs/accurate_ri_env/bin/../lib/gcc/x86_64-conda-linux-gnu/14.2.0/:/home/samuel.soutullo/.miniconda3/envs/accurate_ri_env/bin/../lib/gcc/:/home/samuel.soutullo/.miniconda3/envs/accurate_ri_env/bin/../lib/gcc/x86_64-conda-linux-gnu/14.2.0/../../../../x86_64-conda-linux-gnu/lib/../lib/:/home/samuel.soutullo/.miniconda3/envs/accurate_ri_env/bin/../lib/gcc/x86_64-conda-linux-gnu/14.2.0/../../../../lib/:/home/samuel.soutullo/.miniconda3/envs/accurate_ri_env/bin/../x86_64-conda-linux-gnu/sysroot/lib/../lib/:/home/samuel.soutullo/.miniconda3/envs/accurate_ri_env/bin/../x86_64-conda-linux-gnu/sysroot/usr/lib/../lib/:/home/samuel.soutullo/.miniconda3/envs/accurate_ri_env/bin/../lib/gcc/x86_64-conda-linux-gnu/14.2.0/../../../../x86_64-conda-linux-gnu/lib/:/home/samuel.soutullo/.miniconda3/envs/accurate_ri_env/bin/../lib/gcc/x86_64-conda-linux-gnu/14.2.0/../../../:/home/samuel.soutullo/.miniconda3/envs/accurate_ri_env/bin/../x86_64-conda-linux-gnu/sysroot/lib/:/home/samuel.soutullo/.miniconda3/envs/accurate_ri_env/bin/../x86_64-conda-linux-gnu/sysroot/usr/lib/
COLLECT_GCC_OPTIONS='-v' '-o' 'cmTC_87f2e' '-shared-libgcc' '-mtune=generic' '-march=x86-64' '-dumpdir' 'cmTC_87f2e.'
 /home/samuel.soutullo/.miniconda3/envs/accurate_ri_env/bin/../libexec/gcc/x86_64-conda-linux-gnu/14.2.0/collect2 -plugin /home/samuel.soutullo/.miniconda3/envs/accurate_ri_env/bin/../libexec/gcc/x86_64-conda-linux-gnu/14.2.0/liblto_plugin.so -plugin-opt=/home/samuel.soutullo/.miniconda3/envs/accurate_ri_env/bin/../libexec/gcc/x86_64-conda-linux-gnu/14.2.0/lto-wrapper -plugin-opt=-fresolution=/tmp/cc6oT7ZS.res -plugin-opt=-pass-through=-lgcc_s -plugin-opt=-pass-through=-lgcc -plugin-opt=-pass-through=-lc -plugin-opt=-pass-through=-lgcc_s -plugin-opt=-pass-through=-lgcc --sysroot=/home/samuel.soutullo/.miniconda3/envs/accurate_ri_env/bin/../x86_64-conda-linux-gnu/sysroot --eh-frame-hdr -m elf_x86_64 -dynamic-linker /lib64/ld-linux-x86-64.so.2 -pie -o cmTC_87f2e /home/samuel.soutullo/.miniconda3/envs/accurate_ri_env/bin/../x86_64-conda-linux-gnu/sysroot/usr/lib/../lib/Scrt1.o /home/samuel.soutullo/.miniconda3/envs/accurate_ri_env/bin/../x86_64-conda-linux-gnu/sysroot/usr/lib/../lib/crti.o /home/samuel.soutullo/.miniconda3/envs/accurate_ri_env/bin/../lib/gcc/x86_64-conda-linux-gnu/14.2.0/crtbeginS.o -L/home/samuel.soutullo/.miniconda3/envs/accurate_ri_env/bin/../lib/gcc/x86_64-conda-linux-gnu/14.2.0 -L/home/samuel.soutullo/.miniconda3/envs/accurate_ri_env/bin/../lib/gcc -L/home/samuel.soutullo/.miniconda3/envs/accurate_ri_env/bin/../lib/gcc/x86_64-conda-linux-gnu/14.2.0/../../../../x86_64-conda-linux-gnu/lib/../lib -L/home/samuel.soutullo/.miniconda3/envs/accurate_ri_env/bin/../lib/gcc/x86_64-conda-linux-gnu/14.2.0/../../../../lib -L/home/samuel.soutullo/.miniconda3/envs/accurate_ri_env/bin/../x86_64-conda-linux-gnu/sysroot/lib/../lib -L/home/samuel.soutullo/.miniconda3/envs/accurate_ri_env/bin/../x86_64-conda-linux-gnu/sysroot/usr/lib/../lib -L/home/samuel.soutullo/.miniconda3/envs/accurate_ri_env/bin/../lib/gcc/x86_64-conda-linux-gnu/14.2.0/../../../../x86_64-conda-linux-gnu/lib -L/home/samuel.soutullo/.miniconda3/envs/accurate_ri_env/bin/../lib/gcc/x86_64-conda-linux-gnu/14.2.0/../../.. -L/home/samuel.soutullo/.miniconda3/envs/accurate_ri_env/bin/../x86_64-conda-linux-gnu/sysroot/lib -L/home/samuel.soutullo/.miniconda3/envs/accurate_ri_env/bin/../x86_64-conda-linux-gnu/sysroot/usr/lib CMakeFiles/cmTC_87f2e.dir/CMakeCXXCompilerABI.cpp.o -lstdc++ -lm -lgcc_s -lgcc -lc -lgcc_s -lgcc /home/samuel.soutullo/.miniconda3/envs/accurate_ri_env/bin/../lib/gcc/x86_64-conda-linux-gnu/14.2.0/crtendS.o /home/samuel.soutullo/.miniconda3/envs/accurate_ri_env/bin/../x86_64-conda-linux-gnu/sysroot/usr/lib/../lib/crtn.o -rpath /home/samuel.soutullo/.miniconda3/envs/accurate_ri_env/lib
COLLECT_GCC_OPTIONS='-v' '-o' 'cmTC_87f2e' '-shared-libgcc' '-mtune=generic' '-march=x86-64' '-dumpdir' 'cmTC_87f2e.'



Parsed CXX implicit include dir info from above output: rv=done
  found start of include info
  found start of implicit include info
    add: [/home/samuel.soutullo/.miniconda3/envs/accurate_ri_env/bin/../lib/gcc/x86_64-conda-linux-gnu/14.2.0/include/c++]
    add: [/home/samuel.soutullo/.miniconda3/envs/accurate_ri_env/bin/../lib/gcc/x86_64-conda-linux-gnu/14.2.0/include/c++/x86_64-conda-linux-gnu]
    add: [/home/samuel.soutullo/.miniconda3/envs/accurate_ri_env/bin/../lib/gcc/x86_64-conda-linux-gnu/14.2.0/include/c++/backward]
    add: [/home/samuel.soutullo/.miniconda3/envs/accurate_ri_env/bin/../lib/gcc/x86_64-conda-linux-gnu/14.2.0/include]
    add: [/home/samuel.soutullo/.miniconda3/envs/accurate_ri_env/bin/../lib/gcc/x86_64-conda-linux-gnu/14.2.0/include-fixed]
    add: [/home/samuel.soutullo/.miniconda3/envs/accurate_ri_env/bin/../x86_64-conda-linux-gnu/sysroot/usr/include]
  end of search list found
  collapse include dir [/home/samuel.soutullo/.miniconda3/envs/accurate_ri_env/bin/../lib/gcc/x86_64-conda-linux-gnu/14.2.0/include/c++] ==> [/home/samuel.soutullo/.miniconda3/envs/accurate_ri_env/lib/gcc/x86_64-conda-linux-gnu/14.2.0/include/c++]
  collapse include dir [/home/samuel.soutullo/.miniconda3/envs/accurate_ri_env/bin/../lib/gcc/x86_64-conda-linux-gnu/14.2.0/include/c++/x86_64-conda-linux-gnu] ==> [/home/samuel.soutullo/.miniconda3/envs/accurate_ri_env/lib/gcc/x86_64-conda-linux-gnu/14.2.0/include/c++/x86_64-conda-linux-gnu]
  collapse include dir [/home/samuel.soutullo/.miniconda3/envs/accurate_ri_env/bin/../lib/gcc/x86_64-conda-linux-gnu/14.2.0/include/c++/backward] ==> [/home/samuel.soutullo/.miniconda3/envs/accurate_ri_env/lib/gcc/x86_64-conda-linux-gnu/14.2.0/include/c++/backward]
  collapse include dir [/home/samuel.soutullo/.miniconda3/envs/accurate_ri_env/bin/../lib/gcc/x86_64-conda-linux-gnu/14.2.0/include] ==> [/home/samuel.soutullo/.miniconda3/envs/accurate_ri_env/lib/gcc/x86_64-conda-linux-gnu/14.2.0/include]
  collapse include dir [/home/samuel.soutullo/.miniconda3/envs/accurate_ri_env/bin/../lib/gcc/x86_64-conda-linux-gnu/14.2.0/include-fixed] ==> [/home/samuel.soutullo/.miniconda3/envs/accurate_ri_env/lib/gcc/x86_64-conda-linux-gnu/14.2.0/include-fixed]
  collapse include dir [/home/samuel.soutullo/.miniconda3/envs/accurate_ri_env/bin/../x86_64-conda-linux-gnu/sysroot/usr/include] ==> [/home/samuel.soutullo/.miniconda3/envs/accurate_ri_env/x86_64-conda-linux-gnu/sysroot/usr/include]
  implicit include dirs: [/home/samuel.soutullo/.miniconda3/envs/accurate_ri_env/lib/gcc/x86_64-conda-linux-gnu/14.2.0/include/c++;/home/samuel.soutullo/.miniconda3/envs/accurate_ri_env/lib/gcc/x86_64-conda-linux-gnu/14.2.0/include/c++/x86_64-conda-linux-gnu;/home/samuel.soutullo/.miniconda3/envs/accurate_ri_env/lib/gcc/x86_64-conda-linux-gnu/14.2.0/include/c++/backward;/home/samuel.soutullo/.miniconda3/envs/accurate_ri_env/lib/gcc/x86_64-conda-linux-gnu/14.2.0/include;/home/samuel.soutullo/.miniconda3/envs/accurate_ri_env/lib/gcc/x86_64-conda-linux-gnu/14.2.0/include-fixed;/home/samuel.soutullo/.miniconda3/envs/accurate_ri_env/x86_64-conda-linux-gnu/sysroot/usr/include]


Parsed CXX implicit link information from above output:
  link line regex: [^( *|.*[/\])(x86_64-conda-linux-gnu-ld|CMAKE_LINK_STARTFILE-NOTFOUND|([^/\]+-)?ld|collect2)[^/\]*( |$)]
  ignore line: [Change Dir: /home/samuel.soutullo/GitHub/AccurateRI/cmake-build-debug/CMakeFiles/CMakeTmp]
  ignore line: []
  ignore line: [Run Build Command(s):/home/samuel.soutullo/.miniconda3/envs/accurate_ri_env/bin/ninja cmTC_87f2e && [1/2] Building CXX object CMakeFiles/cmTC_87f2e.dir/CMakeCXXCompilerABI.cpp.o]
  ignore line: [Reading specs from /home/samuel.soutullo/.miniconda3/envs/accurate_ri_env/bin/../lib/gcc/x86_64-conda-linux-gnu/14.2.0/specs]
  ignore line: [could not find specs file conda.specs]
  ignore line: [COLLECT_GCC=/home/samuel.soutullo/.miniconda3/envs/accurate_ri_env/bin/x86_64-conda-linux-gnu-c++]
  ignore line: [Target: x86_64-conda-linux-gnu]
  ignore line: [Configured with: ../configure --prefix=/home/conda/feedstock_root/build_artifacts/gcc_compilers_1729025086244/_h_env_placehold_placehold_placehold_placehold_placehold_placehold_placehold_placehold_placehold_placehold_placehold_placehold_placehold_placehold_placehold_placehold_placehold_placeho --with-slibdir=/home/conda/feedstock_root/build_artifacts/gcc_compilers_1729025086244/_h_env_placehold_placehold_placehold_placehold_placehold_placehold_placehold_placehold_placehold_placehold_placehold_placehold_placehold_placehold_placehold_placehold_placehold_placeho/lib --libdir=/home/conda/feedstock_root/build_artifacts/gcc_compilers_1729025086244/_h_env_placehold_placehold_placehold_placehold_placehold_placehold_placehold_placehold_placehold_placehold_placehold_placehold_placehold_placehold_placehold_placehold_placehold_placeho/lib --mandir=/home/conda/feedstock_root/build_artifacts/gcc_compilers_1729025086244/_h_env_placehold_placehold_placehold_placehold_placehold_placehold_placehold_placehold_placehold_placehold_placehold_placehold_placehold_placehold_placehold_placehold_placehold_placeho/man --build=x86_64-conda-linux-gnu --host=x86_64-conda-linux-gnu --target=x86_64-conda-linux-gnu --enable-languages=c c++ fortran objc obj-c++ --enable-__cxa_atexit --disable-libmudflap --enable-libgomp --disable-libssp --enable-libquadmath --enable-libquadmath-support --enable-lto --enable-target-optspace --enable-plugin --enable-gold --disable-nls --disable-bootstrap --disable-multilib --enable-long-long --with-sysroot=/home/conda/feedstock_root/build_artifacts/gcc_compilers_1729025086244/_h_env_placehold_placehold_placehold_placehold_placehold_placehold_placehold_placehold_placehold_placehold_placehold_placehold_placehold_placehold_placehold_placehold_placehold_placeho/x86_64-conda-linux-gnu/sysroot --with-build-sysroot=/home/conda/feedstock_root/build_artifacts/gcc_compilers_1729025086244/work/cf-compilers/x86_64-conda-linux-gnu/sysroot --with-native-system-header-dir=/usr/include --with-gxx-include-dir=/home/conda/feedstock_root/build_artifacts/gcc_compilers_1729025086244/_h_env_placehold_placehold_placehold_placehold_placehold_placehold_placehold_placehold_placehold_placehold_placehold_placehold_placehold_placehold_placehold_placehold_placehold_placeho/lib/gcc/x86_64-conda-linux-gnu/14.2.0/include/c++ --with-pkgversion='conda-forge gcc 14.2.0-1' --with-bugurl=https://github.com/conda-forge/ctng-compilers-feedstock/issues/new/choose --enable-libsanitizer --enable-default-pie --enable-threads=posix]
  ignore line: [Thread model: posix]
  ignore line: [Supported LTO compression algorithms: zlib]
  ignore line: [gcc version 14.2.0 (conda-forge gcc 14.2.0-1) ]
  ignore line: [COLLECT_GCC_OPTIONS='-v' '-o' 'CMakeFiles/cmTC_87f2e.dir/CMakeCXXCompilerABI.cpp.o' '-c' '-shared-libgcc' '-mtune=generic' '-march=x86-64' '-dumpdir' 'CMakeFiles/cmTC_87f2e.dir/']
  ignore line: [ /home/samuel.soutullo/.miniconda3/envs/accurate_ri_env/bin/../libexec/gcc/x86_64-conda-linux-gnu/14.2.0/cc1plus -quiet -v -iprefix /home/samuel.soutullo/.miniconda3/envs/accurate_ri_env/bin/../lib/gcc/x86_64-conda-linux-gnu/14.2.0/ -isysroot /home/samuel.soutullo/.miniconda3/envs/accurate_ri_env/bin/../x86_64-conda-linux-gnu/sysroot -D_GNU_SOURCE /home/samuel.soutullo/.miniconda3/envs/accurate_ri_env/share/cmake-3.22/Modules/CMakeCXXCompilerABI.cpp -quiet -dumpdir CMakeFiles/cmTC_87f2e.dir/ -dumpbase CMakeCXXCompilerABI.cpp.cpp -dumpbase-ext .cpp -mtune=generic -march=x86-64 -version -o /tmp/ccykZnwF.s]
  ignore line: [GNU C++17 (conda-forge gcc 14.2.0-1) version 14.2.0 (x86_64-conda-linux-gnu)]
  ignore line: [	compiled by GNU C version 14.1.0  GMP version 6.2.1  MPFR version 4.1.0  MPC version 1.2.1  isl version isl-0.24-GMP]
  ignore line: []
  ignore line: [GGC heuristics: --param ggc-min-expand=100 --param ggc-min-heapsize=131072]
  ignore line: [ignoring nonexistent directory "/home/samuel.soutullo/.miniconda3/envs/accurate_ri_env/bin/../lib/gcc/x86_64-conda-linux-gnu/14.2.0/../../../../x86_64-conda-linux-gnu/include"]
  ignore line: [ignoring duplicate directory "/home/samuel.soutullo/.miniconda3/envs/accurate_ri_env/bin/../lib/gcc/../../lib/gcc/x86_64-conda-linux-gnu/14.2.0/include/c++"]
  ignore line: [ignoring duplicate directory "/home/samuel.soutullo/.miniconda3/envs/accurate_ri_env/bin/../lib/gcc/../../lib/gcc/x86_64-conda-linux-gnu/14.2.0/include/c++/x86_64-conda-linux-gnu"]
  ignore line: [ignoring duplicate directory "/home/samuel.soutullo/.miniconda3/envs/accurate_ri_env/bin/../lib/gcc/../../lib/gcc/x86_64-conda-linux-gnu/14.2.0/include/c++/backward"]
  ignore line: [ignoring duplicate directory "/home/samuel.soutullo/.miniconda3/envs/accurate_ri_env/bin/../lib/gcc/../../lib/gcc/x86_64-conda-linux-gnu/14.2.0/include"]
  ignore line: [ignoring nonexistent directory "/home/samuel.soutullo/.miniconda3/envs/accurate_ri_env/bin/../x86_64-conda-linux-gnu/sysroot/usr/local/include"]
  ignore line: [ignoring duplicate directory "/home/samuel.soutullo/.miniconda3/envs/accurate_ri_env/bin/../lib/gcc/../../lib/gcc/x86_64-conda-linux-gnu/14.2.0/include-fixed"]
  ignore line: [ignoring nonexistent directory "/home/samuel.soutullo/.miniconda3/envs/accurate_ri_env/bin/../lib/gcc/../../lib/gcc/x86_64-conda-linux-gnu/14.2.0/../../../../x86_64-conda-linux-gnu/include"]
  ignore line: [#include "..." search starts here:]
  ignore line: [#include <...> search starts here:]
  ignore line: [ /home/samuel.soutullo/.miniconda3/envs/accurate_ri_env/bin/../lib/gcc/x86_64-conda-linux-gnu/14.2.0/include/c++]
  ignore line: [ /home/samuel.soutullo/.miniconda3/envs/accurate_ri_env/bin/../lib/gcc/x86_64-conda-linux-gnu/14.2.0/include/c++/x86_64-conda-linux-gnu]
  ignore line: [ /home/samuel.soutullo/.miniconda3/envs/accurate_ri_env/bin/../lib/gcc/x86_64-conda-linux-gnu/14.2.0/include/c++/backward]
  ignore line: [ /home/samuel.soutullo/.miniconda3/envs/accurate_ri_env/bin/../lib/gcc/x86_64-conda-linux-gnu/14.2.0/include]
  ignore line: [ /home/samuel.soutullo/.miniconda3/envs/accurate_ri_env/bin/../lib/gcc/x86_64-conda-linux-gnu/14.2.0/include-fixed]
  ignore line: [ /home/samuel.soutullo/.miniconda3/envs/accurate_ri_env/bin/../x86_64-conda-linux-gnu/sysroot/usr/include]
  ignore line: [End of search list.]
  ignore line: [Compiler executable checksum: 9bfce81118dc9a9f1840f489680907a7]
  ignore line: [COLLECT_GCC_OPTIONS='-v' '-o' 'CMakeFiles/cmTC_87f2e.dir/CMakeCXXCompilerABI.cpp.o' '-c' '-shared-libgcc' '-mtune=generic' '-march=x86-64' '-dumpdir' 'CMakeFiles/cmTC_87f2e.dir/']
  ignore line: [ /home/samuel.soutullo/.miniconda3/envs/accurate_ri_env/bin/../lib/gcc/x86_64-conda-linux-gnu/14.2.0/../../../../x86_64-conda-linux-gnu/bin/as -v --64 -o CMakeFiles/cmTC_87f2e.dir/CMakeCXXCompilerABI.cpp.o /tmp/ccykZnwF.s]
  ignore line: [GNU assembler version 2.43 (x86_64-conda-linux-gnu) using BFD version (GNU Binutils) 2.43]
  ignore line: [COMPILER_PATH=/home/samuel.soutullo/.miniconda3/envs/accurate_ri_env/bin/../libexec/gcc/x86_64-conda-linux-gnu/14.2.0/:/home/samuel.soutullo/.miniconda3/envs/accurate_ri_env/bin/../libexec/gcc/:/home/samuel.soutullo/.miniconda3/envs/accurate_ri_env/bin/../lib/gcc/x86_64-conda-linux-gnu/14.2.0/../../../../x86_64-conda-linux-gnu/bin/]
  ignore line: [LIBRARY_PATH=/home/samuel.soutullo/.miniconda3/envs/accurate_ri_env/bin/../lib/gcc/x86_64-conda-linux-gnu/14.2.0/:/home/samuel.soutullo/.miniconda3/envs/accurate_ri_env/bin/../lib/gcc/:/home/samuel.soutullo/.miniconda3/envs/accurate_ri_env/bin/../lib/gcc/x86_64-conda-linux-gnu/14.2.0/../../../../x86_64-conda-linux-gnu/lib/../lib/:/home/samuel.soutullo/.miniconda3/envs/accurate_ri_env/bin/../lib/gcc/x86_64-conda-linux-gnu/14.2.0/../../../../lib/:/home/samuel.soutullo/.miniconda3/envs/accurate_ri_env/bin/../x86_64-conda-linux-gnu/sysroot/lib/../lib/:/home/samuel.soutullo/.miniconda3/envs/accurate_ri_env/bin/../x86_64-conda-linux-gnu/sysroot/usr/lib/../lib/:/home/samuel.soutullo/.miniconda3/envs/accurate_ri_env/bin/../lib/gcc/x86_64-conda-linux-gnu/14.2.0/../../../../x86_64-conda-linux-gnu/lib/:/home/samuel.soutullo/.miniconda3/envs/accurate_ri_env/bin/../lib/gcc/x86_64-conda-linux-gnu/14.2.0/../../../:/home/samuel.soutullo/.miniconda3/envs/accurate_ri_env/bin/../x86_64-conda-linux-gnu/sysroot/lib/:/home/samuel.soutullo/.miniconda3/envs/accurate_ri_env/bin/../x86_64-conda-linux-gnu/sysroot/usr/lib/]
  ignore line: [COLLECT_GCC_OPTIONS='-v' '-o' 'CMakeFiles/cmTC_87f2e.dir/CMakeCXXCompilerABI.cpp.o' '-c' '-shared-libgcc' '-mtune=generic' '-march=x86-64' '-dumpdir' 'CMakeFiles/cmTC_87f2e.dir/CMakeCXXCompilerABI.cpp.']
  ignore line: [[2/2] Linking CXX executable cmTC_87f2e]
  ignore line: [Reading specs from /home/samuel.soutullo/.miniconda3/envs/accurate_ri_env/bin/../lib/gcc/x86_64-conda-linux-gnu/14.2.0/specs]
  ignore line: [could not find specs file conda.specs]
  ignore line: [COLLECT_GCC=/home/samuel.soutullo/.miniconda3/envs/accurate_ri_env/bin/x86_64-conda-linux-gnu-c++]
  ignore line: [COLLECT_LTO_WRAPPER=/home/samuel.soutullo/.miniconda3/envs/accurate_ri_env/bin/../libexec/gcc/x86_64-conda-linux-gnu/14.2.0/lto-wrapper]
  ignore line: [Target: x86_64-conda-linux-gnu]
  ignore line: [Configured with: ../configure --prefix=/home/conda/feedstock_root/build_artifacts/gcc_compilers_1729025086244/_h_env_placehold_placehold_placehold_placehold_placehold_placehold_placehold_placehold_placehold_placehold_placehold_placehold_placehold_placehold_placehold_placehold_placehold_placeho --with-slibdir=/home/conda/feedstock_root/build_artifacts/gcc_compilers_1729025086244/_h_env_placehold_placehold_placehold_placehold_placehold_placehold_placehold_placehold_placehold_placehold_placehold_placehold_placehold_placehold_placehold_placehold_placehold_placeho/lib --libdir=/home/conda/feedstock_root/build_artifacts/gcc_compilers_1729025086244/_h_env_placehold_placehold_placehold_placehold_placehold_placehold_placehold_placehold_placehold_placehold_placehold_placehold_placehold_placehold_placehold_placehold_placehold_placeho/lib --mandir=/home/conda/feedstock_root/build_artifacts/gcc_compilers_1729025086244/_h_env_placehold_placehold_placehold_placehold_placehold_placehold_placehold_placehold_placehold_placehold_placehold_placehold_placehold_placehold_placehold_placehold_placehold_placeho/man --build=x86_64-conda-linux-gnu --host=x86_64-conda-linux-gnu --target=x86_64-conda-linux-gnu --enable-languages=c c++ fortran objc obj-c++ --enable-__cxa_atexit --disable-libmudflap --enable-libgomp --disable-libssp --enable-libquadmath --enable-libquadmath-support --enable-lto --enable-target-optspace --enable-plugin --enable-gold --disable-nls --disable-bootstrap --disable-multilib --enable-long-long --with-sysroot=/home/conda/feedstock_root/build_artifacts/gcc_compilers_1729025086244/_h_env_placehold_placehold_placehold_placehold_placehold_placehold_placehold_placehold_placehold_placehold_placehold_placehold_placehold_placehold_placehold_placehold_placehold_placeho/x86_64-conda-linux-gnu/sysroot --with-build-sysroot=/home/conda/feedstock_root/build_artifacts/gcc_compilers_1729025086244/work/cf-compilers/x86_64-conda-linux-gnu/sysroot --with-native-system-header-dir=/usr/include --with-gxx-include-dir=/home/conda/feedstock_root/build_artifacts/gcc_compilers_1729025086244/_h_env_placehold_placehold_placehold_placehold_placehold_placehold_placehold_placehold_placehold_placehold_placehold_placehold_placehold_placehold_placehold_placehold_placehold_placeho/lib/gcc/x86_64-conda-linux-gnu/14.2.0/include/c++ --with-pkgversion='conda-forge gcc 14.2.0-1' --with-bugurl=https://github.com/conda-forge/ctng-compilers-feedstock/issues/new/choose --enable-libsanitizer --enable-default-pie --enable-threads=posix]
  ignore line: [Thread model: posix]
  ignore line: [Supported LTO compression algorithms: zlib]
  ignore line: [gcc version 14.2.0 (conda-forge gcc 14.2.0-1) ]
  ignore line: [COMPILER_PATH=/home/samuel.soutullo/.miniconda3/envs/accurate_ri_env/bin/../libexec/gcc/x86_64-conda-linux-gnu/14.2.0/:/home/samuel.soutullo/.miniconda3/envs/accurate_ri_env/bin/../libexec/gcc/:/home/samuel.soutullo/.miniconda3/envs/accurate_ri_env/bin/../lib/gcc/x86_64-conda-linux-gnu/14.2.0/../../../../x86_64-conda-linux-gnu/bin/]
  ignore line: [LIBRARY_PATH=/home/samuel.soutullo/.miniconda3/envs/accurate_ri_env/bin/../lib/gcc/x86_64-conda-linux-gnu/14.2.0/:/home/samuel.soutullo/.miniconda3/envs/accurate_ri_env/bin/../lib/gcc/:/home/samuel.soutullo/.miniconda3/envs/accurate_ri_env/bin/../lib/gcc/x86_64-conda-linux-gnu/14.2.0/../../../../x86_64-conda-linux-gnu/lib/../lib/:/home/samuel.soutullo/.miniconda3/envs/accurate_ri_env/bin/../lib/gcc/x86_64-conda-linux-gnu/14.2.0/../../../../lib/:/home/samuel.soutullo/.miniconda3/envs/accurate_ri_env/bin/../x86_64-conda-linux-gnu/sysroot/lib/../lib/:/home/samuel.soutullo/.miniconda3/envs/accurate_ri_env/bin/../x86_64-conda-linux-gnu/sysroot/usr/lib/../lib/:/home/samuel.soutullo/.miniconda3/envs/accurate_ri_env/bin/../lib/gcc/x86_64-conda-linux-gnu/14.2.0/../../../../x86_64-conda-linux-gnu/lib/:/home/samuel.soutullo/.miniconda3/envs/accurate_ri_env/bin/../lib/gcc/x86_64-conda-linux-gnu/14.2.0/../../../:/home/samuel.soutullo/.miniconda3/envs/accurate_ri_env/bin/../x86_64-conda-linux-gnu/sysroot/lib/:/home/samuel.soutullo/.miniconda3/envs/accurate_ri_env/bin/../x86_64-conda-linux-gnu/sysroot/usr/lib/]
  ignore line: [COLLECT_GCC_OPTIONS='-v' '-o' 'cmTC_87f2e' '-shared-libgcc' '-mtune=generic' '-march=x86-64' '-dumpdir' 'cmTC_87f2e.']
  link line: [ /home/samuel.soutullo/.miniconda3/envs/accurate_ri_env/bin/../libexec/gcc/x86_64-conda-linux-gnu/14.2.0/collect2 -plugin /home/samuel.soutullo/.miniconda3/envs/accurate_ri_env/bin/../libexec/gcc/x86_64-conda-linux-gnu/14.2.0/liblto_plugin.so -plugin-opt=/home/samuel.soutullo/.miniconda3/envs/accurate_ri_env/bin/../libexec/gcc/x86_64-conda-linux-gnu/14.2.0/lto-wrapper -plugin-opt=-fresolution=/tmp/cc6oT7ZS.res -plugin-opt=-pass-through=-lgcc_s -plugin-opt=-pass-through=-lgcc -plugin-opt=-pass-through=-lc -plugin-opt=-pass-through=-lgcc_s -plugin-opt=-pass-through=-lgcc --sysroot=/home/samuel.soutullo/.miniconda3/envs/accurate_ri_env/bin/../x86_64-conda-linux-gnu/sysroot --eh-frame-hdr -m elf_x86_64 -dynamic-linker /lib64/ld-linux-x86-64.so.2 -pie -o cmTC_87f2e /home/samuel.soutullo/.miniconda3/envs/accurate_ri_env/bin/../x86_64-conda-linux-gnu/sysroot/usr/lib/../lib/Scrt1.o /home/samuel.soutullo/.miniconda3/envs/accurate_ri_env/bin/../x86_64-conda-linux-gnu/sysroot/usr/lib/../lib/crti.o /home/samuel.soutullo/.miniconda3/envs/accurate_ri_env/bin/../lib/gcc/x86_64-conda-linux-gnu/14.2.0/crtbeginS.o -L/home/samuel.soutullo/.miniconda3/envs/accurate_ri_env/bin/../lib/gcc/x86_64-conda-linux-gnu/14.2.0 -L/home/samuel.soutullo/.miniconda3/envs/accurate_ri_env/bin/../lib/gcc -L/home/samuel.soutullo/.miniconda3/envs/accurate_ri_env/bin/../lib/gcc/x86_64-conda-linux-gnu/14.2.0/../../../../x86_64-conda-linux-gnu/lib/../lib -L/home/samuel.soutullo/.miniconda3/envs/accurate_ri_env/bin/../lib/gcc/x86_64-conda-linux-gnu/14.2.0/../../../../lib -L/home/samuel.soutullo/.miniconda3/envs/accurate_ri_env/bin/../x86_64-conda-linux-gnu/sysroot/lib/../lib -L/home/samuel.soutullo/.miniconda3/envs/accurate_ri_env/bin/../x86_64-conda-linux-gnu/sysroot/usr/lib/../lib -L/home/samuel.soutullo/.miniconda3/envs/accurate_ri_env/bin/../lib/gcc/x86_64-conda-linux-gnu/14.2.0/../../../../x86_64-conda-linux-gnu/lib -L/home/samuel.soutullo/.miniconda3/envs/accurate_ri_env/bin/../lib/gcc/x86_64-conda-linux-gnu/14.2.0/../../.. -L/home/samuel.soutullo/.miniconda3/envs/accurate_ri_env/bin/../x86_64-conda-linux-gnu/sysroot/lib -L/home/samuel.soutullo/.miniconda3/envs/accurate_ri_env/bin/../x86_64-conda-linux-gnu/sysroot/usr/lib CMakeFiles/cmTC_87f2e.dir/CMakeCXXCompilerABI.cpp.o -lstdc++ -lm -lgcc_s -lgcc -lc -lgcc_s -lgcc /home/samuel.soutullo/.miniconda3/envs/accurate_ri_env/bin/../lib/gcc/x86_64-conda-linux-gnu/14.2.0/crtendS.o /home/samuel.soutullo/.miniconda3/envs/accurate_ri_env/bin/../x86_64-conda-linux-gnu/sysroot/usr/lib/../lib/crtn.o -rpath /home/samuel.soutullo/.miniconda3/envs/accurate_ri_env/lib]
    arg [/home/samuel.soutullo/.miniconda3/envs/accurate_ri_env/bin/../libexec/gcc/x86_64-conda-linux-gnu/14.2.0/collect2] ==> ignore
    arg [-plugin] ==> ignore
    arg [/home/samuel.soutullo/.miniconda3/envs/accurate_ri_env/bin/../libexec/gcc/x86_64-conda-linux-gnu/14.2.0/liblto_plugin.so] ==> ignore
    arg [-plugin-opt=/home/samuel.soutullo/.miniconda3/envs/accurate_ri_env/bin/../libexec/gcc/x86_64-conda-linux-gnu/14.2.0/lto-wrapper] ==> ignore
    arg [-plugin-opt=-fresolution=/tmp/cc6oT7ZS.res] ==> ignore
    arg [-plugin-opt=-pass-through=-lgcc_s] ==> ignore
    arg [-plugin-opt=-pass-through=-lgcc] ==> ignore
    arg [-plugin-opt=-pass-through=-lc] ==> ignore
    arg [-plugin-opt=-pass-through=-lgcc_s] ==> ignore
    arg [-plugin-opt=-pass-through=-lgcc] ==> ignore
    arg [--sysroot=/home/samuel.soutullo/.miniconda3/envs/accurate_ri_env/bin/../x86_64-conda-linux-gnu/sysroot] ==> ignore
    arg [--eh-frame-hdr] ==> ignore
    arg [-m] ==> ignore
    arg [elf_x86_64] ==> ignore
    arg [-dynamic-linker] ==> ignore
    arg [/lib64/ld-linux-x86-64.so.2] ==> ignore
    arg [-pie] ==> ignore
    arg [-o] ==> ignore
    arg [cmTC_87f2e] ==> ignore
    arg [/home/samuel.soutullo/.miniconda3/envs/accurate_ri_env/bin/../x86_64-conda-linux-gnu/sysroot/usr/lib/../lib/Scrt1.o] ==> obj [/home/samuel.soutullo/.miniconda3/envs/accurate_ri_env/bin/../x86_64-conda-linux-gnu/sysroot/usr/lib/../lib/Scrt1.o]
    arg [/home/samuel.soutullo/.miniconda3/envs/accurate_ri_env/bin/../x86_64-conda-linux-gnu/sysroot/usr/lib/../lib/crti.o] ==> obj [/home/samuel.soutullo/.miniconda3/envs/accurate_ri_env/bin/../x86_64-conda-linux-gnu/sysroot/usr/lib/../lib/crti.o]
    arg [/home/samuel.soutullo/.miniconda3/envs/accurate_ri_env/bin/../lib/gcc/x86_64-conda-linux-gnu/14.2.0/crtbeginS.o] ==> obj [/home/samuel.soutullo/.miniconda3/envs/accurate_ri_env/bin/../lib/gcc/x86_64-conda-linux-gnu/14.2.0/crtbeginS.o]
    arg [-L/home/samuel.soutullo/.miniconda3/envs/accurate_ri_env/bin/../lib/gcc/x86_64-conda-linux-gnu/14.2.0] ==> dir [/home/samuel.soutullo/.miniconda3/envs/accurate_ri_env/bin/../lib/gcc/x86_64-conda-linux-gnu/14.2.0]
    arg [-L/home/samuel.soutullo/.miniconda3/envs/accurate_ri_env/bin/../lib/gcc] ==> dir [/home/samuel.soutullo/.miniconda3/envs/accurate_ri_env/bin/../lib/gcc]
    arg [-L/home/samuel.soutullo/.miniconda3/envs/accurate_ri_env/bin/../lib/gcc/x86_64-conda-linux-gnu/14.2.0/../../../../x86_64-conda-linux-gnu/lib/../lib] ==> dir [/home/samuel.soutullo/.miniconda3/envs/accurate_ri_env/bin/../lib/gcc/x86_64-conda-linux-gnu/14.2.0/../../../../x86_64-conda-linux-gnu/lib/../lib]
    arg [-L/home/samuel.soutullo/.miniconda3/envs/accurate_ri_env/bin/../lib/gcc/x86_64-conda-linux-gnu/14.2.0/../../../../lib] ==> dir [/home/samuel.soutullo/.miniconda3/envs/accurate_ri_env/bin/../lib/gcc/x86_64-conda-linux-gnu/14.2.0/../../../../lib]
    arg [-L/home/samuel.soutullo/.miniconda3/envs/accurate_ri_env/bin/../x86_64-conda-linux-gnu/sysroot/lib/../lib] ==> dir [/home/samuel.soutullo/.miniconda3/envs/accurate_ri_env/bin/../x86_64-conda-linux-gnu/sysroot/lib/../lib]
    arg [-L/home/samuel.soutullo/.miniconda3/envs/accurate_ri_env/bin/../x86_64-conda-linux-gnu/sysroot/usr/lib/../lib] ==> dir [/home/samuel.soutullo/.miniconda3/envs/accurate_ri_env/bin/../x86_64-conda-linux-gnu/sysroot/usr/lib/../lib]
    arg [-L/home/samuel.soutullo/.miniconda3/envs/accurate_ri_env/bin/../lib/gcc/x86_64-conda-linux-gnu/14.2.0/../../../../x86_64-conda-linux-gnu/lib] ==> dir [/home/samuel.soutullo/.miniconda3/envs/accurate_ri_env/bin/../lib/gcc/x86_64-conda-linux-gnu/14.2.0/../../../../x86_64-conda-linux-gnu/lib]
    arg [-L/home/samuel.soutullo/.miniconda3/envs/accurate_ri_env/bin/../lib/gcc/x86_64-conda-linux-gnu/14.2.0/../../..] ==> dir [/home/samuel.soutullo/.miniconda3/envs/accurate_ri_env/bin/../lib/gcc/x86_64-conda-linux-gnu/14.2.0/../../..]
    arg [-L/home/samuel.soutullo/.miniconda3/envs/accurate_ri_env/bin/../x86_64-conda-linux-gnu/sysroot/lib] ==> dir [/home/samuel.soutullo/.miniconda3/envs/accurate_ri_env/bin/../x86_64-conda-linux-gnu/sysroot/lib]
    arg [-L/home/samuel.soutullo/.miniconda3/envs/accurate_ri_env/bin/../x86_64-conda-linux-gnu/sysroot/usr/lib] ==> dir [/home/samuel.soutullo/.miniconda3/envs/accurate_ri_env/bin/../x86_64-conda-linux-gnu/sysroot/usr/lib]
    arg [CMakeFiles/cmTC_87f2e.dir/CMakeCXXCompilerABI.cpp.o] ==> ignore
    arg [-lstdc++] ==> lib [stdc++]
    arg [-lm] ==> lib [m]
    arg [-lgcc_s] ==> lib [gcc_s]
    arg [-lgcc] ==> lib [gcc]
    arg [-lc] ==> lib [c]
    arg [-lgcc_s] ==> lib [gcc_s]
    arg [-lgcc] ==> lib [gcc]
    arg [/home/samuel.soutullo/.miniconda3/envs/accurate_ri_env/bin/../lib/gcc/x86_64-conda-linux-gnu/14.2.0/crtendS.o] ==> obj [/home/samuel.soutullo/.miniconda3/envs/accurate_ri_env/bin/../lib/gcc/x86_64-conda-linux-gnu/14.2.0/crtendS.o]
    arg [/home/samuel.soutullo/.miniconda3/envs/accurate_ri_env/bin/../x86_64-conda-linux-gnu/sysroot/usr/lib/../lib/crtn.o] ==> obj [/home/samuel.soutullo/.miniconda3/envs/accurate_ri_env/bin/../x86_64-conda-linux-gnu/sysroot/usr/lib/../lib/crtn.o]
    arg [-rpath] ==> ignore
    arg [/home/samuel.soutullo/.miniconda3/envs/accurate_ri_env/lib] ==> ignore
  collapse obj [/home/samuel.soutullo/.miniconda3/envs/accurate_ri_env/bin/../x86_64-conda-linux-gnu/sysroot/usr/lib/../lib/Scrt1.o] ==> [/home/samuel.soutullo/.miniconda3/envs/accurate_ri_env/x86_64-conda-linux-gnu/sysroot/usr/lib/Scrt1.o]
  collapse obj [/home/samuel.soutullo/.miniconda3/envs/accurate_ri_env/bin/../x86_64-conda-linux-gnu/sysroot/usr/lib/../lib/crti.o] ==> [/home/samuel.soutullo/.miniconda3/envs/accurate_ri_env/x86_64-conda-linux-gnu/sysroot/usr/lib/crti.o]
  collapse obj [/home/samuel.soutullo/.miniconda3/envs/accurate_ri_env/bin/../lib/gcc/x86_64-conda-linux-gnu/14.2.0/crtbeginS.o] ==> [/home/samuel.soutullo/.miniconda3/envs/accurate_ri_env/lib/gcc/x86_64-conda-linux-gnu/14.2.0/crtbeginS.o]
  collapse obj [/home/samuel.soutullo/.miniconda3/envs/accurate_ri_env/bin/../lib/gcc/x86_64-conda-linux-gnu/14.2.0/crtendS.o] ==> [/home/samuel.soutullo/.miniconda3/envs/accurate_ri_env/lib/gcc/x86_64-conda-linux-gnu/14.2.0/crtendS.o]
  collapse obj [/home/samuel.soutullo/.miniconda3/envs/accurate_ri_env/bin/../x86_64-conda-linux-gnu/sysroot/usr/lib/../lib/crtn.o] ==> [/home/samuel.soutullo/.miniconda3/envs/accurate_ri_env/x86_64-conda-linux-gnu/sysroot/usr/lib/crtn.o]
  collapse library dir [/home/samuel.soutullo/.miniconda3/envs/accurate_ri_env/bin/../lib/gcc/x86_64-conda-linux-gnu/14.2.0] ==> [/home/samuel.soutullo/.miniconda3/envs/accurate_ri_env/lib/gcc/x86_64-conda-linux-gnu/14.2.0]
  collapse library dir [/home/samuel.soutullo/.miniconda3/envs/accurate_ri_env/bin/../lib/gcc] ==> [/home/samuel.soutullo/.miniconda3/envs/accurate_ri_env/lib/gcc]
  collapse library dir [/home/samuel.soutullo/.miniconda3/envs/accurate_ri_env/bin/../lib/gcc/x86_64-conda-linux-gnu/14.2.0/../../../../x86_64-conda-linux-gnu/lib/../lib] ==> [/home/samuel.soutullo/.miniconda3/envs/accurate_ri_env/x86_64-conda-linux-gnu/lib]
  collapse library dir [/home/samuel.soutullo/.miniconda3/envs/accurate_ri_env/bin/../lib/gcc/x86_64-conda-linux-gnu/14.2.0/../../../../lib] ==> [/home/samuel.soutullo/.miniconda3/envs/accurate_ri_env/lib]
  collapse library dir [/home/samuel.soutullo/.miniconda3/envs/accurate_ri_env/bin/../x86_64-conda-linux-gnu/sysroot/lib/../lib] ==> [/home/samuel.soutullo/.miniconda3/envs/accurate_ri_env/x86_64-conda-linux-gnu/sysroot/lib]
  collapse library dir [/home/samuel.soutullo/.miniconda3/envs/accurate_ri_env/bin/../x86_64-conda-linux-gnu/sysroot/usr/lib/../lib] ==> [/home/samuel.soutullo/.miniconda3/envs/accurate_ri_env/x86_64-conda-linux-gnu/sysroot/usr/lib]
  collapse library dir [/home/samuel.soutullo/.miniconda3/envs/accurate_ri_env/bin/../lib/gcc/x86_64-conda-linux-gnu/14.2.0/../../../../x86_64-conda-linux-gnu/lib] ==> [/home/samuel.soutullo/.miniconda3/envs/accurate_ri_env/x86_64-conda-linux-gnu/lib]
  collapse library dir [/home/samuel.soutullo/.miniconda3/envs/accurate_ri_env/bin/../lib/gcc/x86_64-conda-linux-gnu/14.2.0/../../..] ==> [/home/samuel.soutullo/.miniconda3/envs/accurate_ri_env/lib]
  collapse library dir [/home/samuel.soutullo/.miniconda3/envs/accurate_ri_env/bin/../x86_64-conda-linux-gnu/sysroot/lib] ==> [/home/samuel.soutullo/.miniconda3/envs/accurate_ri_env/x86_64-conda-linux-gnu/sysroot/lib]
  collapse library dir [/home/samuel.soutullo/.miniconda3/envs/accurate_ri_env/bin/../x86_64-conda-linux-gnu/sysroot/usr/lib] ==> [/home/samuel.soutullo/.miniconda3/envs/accurate_ri_env/x86_64-conda-linux-gnu/sysroot/usr/lib]
  implicit libs: [stdc++;m;gcc_s;gcc;c;gcc_s;gcc]
  implicit objs: [/home/samuel.soutullo/.miniconda3/envs/accurate_ri_env/x86_64-conda-linux-gnu/sysroot/usr/lib/Scrt1.o;/home/samuel.soutullo/.miniconda3/envs/accurate_ri_env/x86_64-conda-linux-gnu/sysroot/usr/lib/crti.o;/home/samuel.soutullo/.miniconda3/envs/accurate_ri_env/lib/gcc/x86_64-conda-linux-gnu/14.2.0/crtbeginS.o;/home/samuel.soutullo/.miniconda3/envs/accurate_ri_env/lib/gcc/x86_64-conda-linux-gnu/14.2.0/crtendS.o;/home/samuel.soutullo/.miniconda3/envs/accurate_ri_env/x86_64-conda-linux-gnu/sysroot/usr/lib/crtn.o]
  implicit dirs: [/home/samuel.soutullo/.miniconda3/envs/accurate_ri_env/lib/gcc/x86_64-conda-linux-gnu/14.2.0;/home/samuel.soutullo/.miniconda3/envs/accurate_ri_env/lib/gcc;/home/samuel.soutullo/.miniconda3/envs/accurate_ri_env/x86_64-conda-linux-gnu/lib;/home/samuel.soutullo/.miniconda3/envs/accurate_ri_env/lib;/home/samuel.soutullo/.miniconda3/envs/accurate_ri_env/x86_64-conda-linux-gnu/sysroot/lib;/home/samuel.soutullo/.miniconda3/envs/accurate_ri_env/x86_64-conda-linux-gnu/sysroot/usr/lib]
  implicit fwks: []


Determining if the include file pthread.h exists passed with the following output:
Change Dir: /home/samuel.soutullo/GitHub/AccurateRI/cmake-build-debug/CMakeFiles/CMakeTmp

Run Build Command(s):/home/samuel.soutullo/.miniconda3/envs/accurate_ri_env/bin/ninja cmTC_7e7c8 && [1/2] Building C object CMakeFiles/cmTC_7e7c8.dir/CheckIncludeFile.c.o
[2/2] Linking C executable cmTC_7e7c8



Determining if the function pthread_create exists in the pthread passed with the following output:
Change Dir: /home/samuel.soutullo/GitHub/AccurateRI/cmake-build-debug/CMakeFiles/CMakeTmp

Run Build Command(s):/home/samuel.soutullo/.miniconda3/envs/accurate_ri_env/bin/ninja cmTC_520aa && [1/2] Building C object CMakeFiles/cmTC_520aa.dir/CheckFunctionExists.c.o
[2/2] Linking C executable cmTC_520aa



Performing C++ SOURCE FILE Test HAS_FLTO succeeded with the following output:
Change Dir: /home/samuel.soutullo/GitHub/AccurateRI/cmake-build-debug/CMakeFiles/CMakeTmp

Run Build Command(s):/home/samuel.soutullo/.miniconda3/envs/accurate_ri_env/bin/ninja cmTC_b68db && [1/2] Building CXX object CMakeFiles/cmTC_b68db.dir/src.cxx.o
[2/2] Linking CXX executable cmTC_b68db


Source file was:
int main() { return 0; }
